[1.148s] DEBUG:colcon:Command line arguments: ['/usr/bin/colcon', 'build']
[1.148s] DEBUG:colcon:Parsed command line arguments: Namespace(log_base=None, log_level=None, verb_name='build', build_base='build', install_base='install', merge_install=False, symlink_install=False, test_result_base=None, continue_on_error=False, executor='parallel', parallel_workers=8, event_handlers=None, ignore_user_meta=False, metas=['./colcon.meta'], base_paths=['.'], packages_ignore=None, packages_ignore_regex=None, paths=None, packages_up_to=None, packages_up_to_regex=None, packages_above=None, packages_above_and_dependencies=None, packages_above_depth=None, packages_select_by_dep=None, packages_skip_by_dep=None, packages_skip_up_to=None, packages_select_build_failed=False, packages_skip_build_finished=False, packages_select_test_failures=False, packages_skip_test_passed=False, packages_select=None, packages_skip=None, packages_select_regex=None, packages_skip_regex=None, packages_start=None, packages_end=None, allow_overriding=[], cmake_args=None, cmake_target=None, cmake_target_skip_unavailable=False, cmake_clean_cache=False, cmake_clean_first=False, cmake_force_configure=False, ament_cmake_args=None, catkin_cmake_args=None, catkin_skip_building_tests=False, verb_parser=<colcon_defaults.argument_parser.defaults.DefaultArgumentsDecorator object at 0x7fe050ee3760>, verb_extension=<colcon_core.verb.build.BuildVerb object at 0x7fe0510b83d0>, main=<bound method BuildVerb.main of <colcon_core.verb.build.BuildVerb object at 0x7fe0510b83d0>>)
[1.215s] Level 1:colcon.colcon_core.package_discovery:discover_packages(colcon_meta) check parameters
[1.215s] Level 1:colcon.colcon_core.package_discovery:discover_packages(recursive) check parameters
[1.215s] Level 1:colcon.colcon_core.package_discovery:discover_packages(ignore) check parameters
[1.215s] Level 1:colcon.colcon_core.package_discovery:discover_packages(path) check parameters
[1.215s] Level 1:colcon.colcon_core.package_discovery:discover_packages(colcon_meta) discover
[1.215s] Level 1:colcon.colcon_core.package_discovery:discover_packages(recursive) discover
[1.215s] INFO:colcon.colcon_core.package_discovery:Crawling recursively for packages in '/home/elee02/ros2_ws/src'
[1.215s] Level 1:colcon.colcon_core.package_identification:_identify(.) by extensions ['ignore', 'ignore_ament_install']
[1.215s] Level 1:colcon.colcon_core.package_identification:_identify(.) by extension 'ignore'
[1.216s] Level 1:colcon.colcon_core.package_identification:_identify(.) by extension 'ignore_ament_install'
[1.216s] Level 1:colcon.colcon_core.package_identification:_identify(.) by extensions ['colcon_pkg']
[1.216s] Level 1:colcon.colcon_core.package_identification:_identify(.) by extension 'colcon_pkg'
[1.216s] Level 1:colcon.colcon_core.package_identification:_identify(.) by extensions ['colcon_meta']
[1.216s] Level 1:colcon.colcon_core.package_identification:_identify(.) by extension 'colcon_meta'
[1.216s] Level 1:colcon.colcon_core.package_identification:_identify(.) by extensions ['ros']
[1.216s] Level 1:colcon.colcon_core.package_identification:_identify(.) by extension 'ros'
[1.231s] Level 1:colcon.colcon_core.package_identification:_identify(.) by extensions ['cmake', 'python']
[1.231s] Level 1:colcon.colcon_core.package_identification:_identify(.) by extension 'cmake'
[1.231s] Level 1:colcon.colcon_core.package_identification:_identify(.) by extension 'python'
[1.231s] Level 1:colcon.colcon_core.package_identification:_identify(.) by extensions ['python_setup_py']
[1.232s] Level 1:colcon.colcon_core.package_identification:_identify(.) by extension 'python_setup_py'
[1.232s] Level 1:colcon.colcon_core.package_identification:_identify(build) by extensions ['ignore', 'ignore_ament_install']
[1.232s] Level 1:colcon.colcon_core.package_identification:_identify(build) by extension 'ignore'
[1.232s] Level 1:colcon.colcon_core.package_identification:_identify(build) ignored
[1.232s] Level 1:colcon.colcon_core.package_identification:_identify(install) by extensions ['ignore', 'ignore_ament_install']
[1.232s] Level 1:colcon.colcon_core.package_identification:_identify(install) by extension 'ignore'
[1.232s] Level 1:colcon.colcon_core.package_identification:_identify(install) ignored
[1.232s] Level 1:colcon.colcon_core.package_identification:_identify(log) by extensions ['ignore', 'ignore_ament_install']
[1.233s] Level 1:colcon.colcon_core.package_identification:_identify(log) by extension 'ignore'
[1.233s] Level 1:colcon.colcon_core.package_identification:_identify(log) ignored
[1.233s] Level 1:colcon.colcon_core.package_identification:_identify(my_robot_controller) by extensions ['ignore', 'ignore_ament_install']
[1.233s] Level 1:colcon.colcon_core.package_identification:_identify(my_robot_controller) by extension 'ignore'
[1.233s] Level 1:colcon.colcon_core.package_identification:_identify(my_robot_controller) by extension 'ignore_ament_install'
[1.233s] Level 1:colcon.colcon_core.package_identification:_identify(my_robot_controller) by extensions ['colcon_pkg']
[1.233s] Level 1:colcon.colcon_core.package_identification:_identify(my_robot_controller) by extension 'colcon_pkg'
[1.233s] Level 1:colcon.colcon_core.package_identification:_identify(my_robot_controller) by extensions ['colcon_meta']
[1.233s] Level 1:colcon.colcon_core.package_identification:_identify(my_robot_controller) by extension 'colcon_meta'
[1.233s] Level 1:colcon.colcon_core.package_identification:_identify(my_robot_controller) by extensions ['ros']
[1.233s] Level 1:colcon.colcon_core.package_identification:_identify(my_robot_controller) by extension 'ros'
[1.236s] DEBUG:colcon.colcon_core.package_identification:Package 'my_robot_controller' with type 'ros.ament_python' and name 'my_robot_controller'
[1.236s] Level 1:colcon.colcon_core.package_identification:_identify(turtlebot3_fake_node) by extensions ['ignore', 'ignore_ament_install']
[1.236s] Level 1:colcon.colcon_core.package_identification:_identify(turtlebot3_fake_node) by extension 'ignore'
[1.236s] Level 1:colcon.colcon_core.package_identification:_identify(turtlebot3_fake_node) by extension 'ignore_ament_install'
[1.236s] Level 1:colcon.colcon_core.package_identification:_identify(turtlebot3_fake_node) by extensions ['colcon_pkg']
[1.236s] Level 1:colcon.colcon_core.package_identification:_identify(turtlebot3_fake_node) by extension 'colcon_pkg'
[1.236s] Level 1:colcon.colcon_core.package_identification:_identify(turtlebot3_fake_node) by extensions ['colcon_meta']
[1.236s] Level 1:colcon.colcon_core.package_identification:_identify(turtlebot3_fake_node) by extension 'colcon_meta'
[1.236s] Level 1:colcon.colcon_core.package_identification:_identify(turtlebot3_fake_node) by extensions ['ros']
[1.237s] Level 1:colcon.colcon_core.package_identification:_identify(turtlebot3_fake_node) by extension 'ros'
[1.238s] DEBUG:colcon.colcon_core.package_identification:Package 'turtlebot3_fake_node' with type 'ros.ament_cmake' and name 'turtlebot3_fake_node'
[1.238s] Level 1:colcon.colcon_core.package_identification:_identify(turtlebot3_gazebo) by extensions ['ignore', 'ignore_ament_install']
[1.238s] Level 1:colcon.colcon_core.package_identification:_identify(turtlebot3_gazebo) by extension 'ignore'
[1.238s] Level 1:colcon.colcon_core.package_identification:_identify(turtlebot3_gazebo) by extension 'ignore_ament_install'
[1.238s] Level 1:colcon.colcon_core.package_identification:_identify(turtlebot3_gazebo) by extensions ['colcon_pkg']
[1.238s] Level 1:colcon.colcon_core.package_identification:_identify(turtlebot3_gazebo) by extension 'colcon_pkg'
[1.238s] Level 1:colcon.colcon_core.package_identification:_identify(turtlebot3_gazebo) by extensions ['colcon_meta']
[1.238s] Level 1:colcon.colcon_core.package_identification:_identify(turtlebot3_gazebo) by extension 'colcon_meta'
[1.238s] Level 1:colcon.colcon_core.package_identification:_identify(turtlebot3_gazebo) by extensions ['ros']
[1.238s] Level 1:colcon.colcon_core.package_identification:_identify(turtlebot3_gazebo) by extension 'ros'
[1.239s] DEBUG:colcon.colcon_core.package_identification:Package 'turtlebot3_gazebo' with type 'ros.ament_cmake' and name 'turtlebot3_gazebo'
[1.239s] Level 1:colcon.colcon_core.package_identification:_identify(turtlebot3_simulations) by extensions ['ignore', 'ignore_ament_install']
[1.240s] Level 1:colcon.colcon_core.package_identification:_identify(turtlebot3_simulations) by extension 'ignore'
[1.240s] Level 1:colcon.colcon_core.package_identification:_identify(turtlebot3_simulations) by extension 'ignore_ament_install'
[1.240s] Level 1:colcon.colcon_core.package_identification:_identify(turtlebot3_simulations) by extensions ['colcon_pkg']
[1.240s] Level 1:colcon.colcon_core.package_identification:_identify(turtlebot3_simulations) by extension 'colcon_pkg'
[1.240s] Level 1:colcon.colcon_core.package_identification:_identify(turtlebot3_simulations) by extensions ['colcon_meta']
[1.240s] Level 1:colcon.colcon_core.package_identification:_identify(turtlebot3_simulations) by extension 'colcon_meta'
[1.240s] Level 1:colcon.colcon_core.package_identification:_identify(turtlebot3_simulations) by extensions ['ros']
[1.240s] Level 1:colcon.colcon_core.package_identification:_identify(turtlebot3_simulations) by extension 'ros'
[1.240s] DEBUG:colcon.colcon_core.package_identification:Package 'turtlebot3_simulations' with type 'ros.ament_cmake' and name 'turtlebot3_simulations'
[1.241s] Level 1:colcon.colcon_core.package_discovery:discover_packages(recursive) using defaults
[1.241s] Level 1:colcon.colcon_core.package_discovery:discover_packages(ignore) discover
[1.241s] Level 1:colcon.colcon_core.package_discovery:discover_packages(ignore) using defaults
[1.241s] Level 1:colcon.colcon_core.package_discovery:discover_packages(path) discover
[1.241s] Level 1:colcon.colcon_core.package_discovery:discover_packages(path) using defaults
[1.346s] Level 1:colcon.colcon_core.package_discovery:discover_packages(prefix_path) check parameters
[1.346s] Level 1:colcon.colcon_core.package_discovery:discover_packages(prefix_path) discover
[1.384s] DEBUG:colcon.colcon_installed_package_information.package_discovery:Found 337 installed packages in /opt/ros/humble
[1.386s] Level 1:colcon.colcon_core.package_discovery:discover_packages(prefix_path) using defaults
[1.481s] Level 5:colcon.colcon_core.verb:set package 'my_robot_controller' build argument 'cmake_args' from command line to 'None'
[1.481s] Level 5:colcon.colcon_core.verb:set package 'my_robot_controller' build argument 'cmake_target' from command line to 'None'
[1.481s] Level 5:colcon.colcon_core.verb:set package 'my_robot_controller' build argument 'cmake_target_skip_unavailable' from command line to 'False'
[1.481s] Level 5:colcon.colcon_core.verb:set package 'my_robot_controller' build argument 'cmake_clean_cache' from command line to 'False'
[1.481s] Level 5:colcon.colcon_core.verb:set package 'my_robot_controller' build argument 'cmake_clean_first' from command line to 'False'
[1.481s] Level 5:colcon.colcon_core.verb:set package 'my_robot_controller' build argument 'cmake_force_configure' from command line to 'False'
[1.481s] Level 5:colcon.colcon_core.verb:set package 'my_robot_controller' build argument 'ament_cmake_args' from command line to 'None'
[1.481s] Level 5:colcon.colcon_core.verb:set package 'my_robot_controller' build argument 'catkin_cmake_args' from command line to 'None'
[1.481s] Level 5:colcon.colcon_core.verb:set package 'my_robot_controller' build argument 'catkin_skip_building_tests' from command line to 'False'
[1.481s] DEBUG:colcon.colcon_core.verb:Building package 'my_robot_controller' with the following arguments: {'ament_cmake_args': None, 'build_base': '/home/elee02/ros2_ws/src/build/my_robot_controller', 'catkin_cmake_args': None, 'catkin_skip_building_tests': False, 'cmake_args': None, 'cmake_clean_cache': False, 'cmake_clean_first': False, 'cmake_force_configure': False, 'cmake_target': None, 'cmake_target_skip_unavailable': False, 'install_base': '/home/elee02/ros2_ws/src/install/my_robot_controller', 'merge_install': False, 'path': '/home/elee02/ros2_ws/src/my_robot_controller', 'symlink_install': False, 'test_result_base': None}
[1.498s] Level 5:colcon.colcon_core.verb:set package 'turtlebot3_fake_node' build argument 'cmake_args' from command line to 'None'
[1.498s] Level 5:colcon.colcon_core.verb:set package 'turtlebot3_fake_node' build argument 'cmake_target' from command line to 'None'
[1.498s] Level 5:colcon.colcon_core.verb:set package 'turtlebot3_fake_node' build argument 'cmake_target_skip_unavailable' from command line to 'False'
[1.499s] Level 5:colcon.colcon_core.verb:set package 'turtlebot3_fake_node' build argument 'cmake_clean_cache' from command line to 'False'
[1.499s] Level 5:colcon.colcon_core.verb:set package 'turtlebot3_fake_node' build argument 'cmake_clean_first' from command line to 'False'
[1.499s] Level 5:colcon.colcon_core.verb:set package 'turtlebot3_fake_node' build argument 'cmake_force_configure' from command line to 'False'
[1.499s] Level 5:colcon.colcon_core.verb:set package 'turtlebot3_fake_node' build argument 'ament_cmake_args' from command line to 'None'
[1.499s] Level 5:colcon.colcon_core.verb:set package 'turtlebot3_fake_node' build argument 'catkin_cmake_args' from command line to 'None'
[1.499s] Level 5:colcon.colcon_core.verb:set package 'turtlebot3_fake_node' build argument 'catkin_skip_building_tests' from command line to 'False'
[1.499s] DEBUG:colcon.colcon_core.verb:Building package 'turtlebot3_fake_node' with the following arguments: {'ament_cmake_args': None, 'build_base': '/home/elee02/ros2_ws/src/build/turtlebot3_fake_node', 'catkin_cmake_args': None, 'catkin_skip_building_tests': False, 'cmake_args': None, 'cmake_clean_cache': False, 'cmake_clean_first': False, 'cmake_force_configure': False, 'cmake_target': None, 'cmake_target_skip_unavailable': False, 'install_base': '/home/elee02/ros2_ws/src/install/turtlebot3_fake_node', 'merge_install': False, 'path': '/home/elee02/ros2_ws/src/turtlebot3_fake_node', 'symlink_install': False, 'test_result_base': None}
[1.517s] Level 5:colcon.colcon_core.verb:set package 'turtlebot3_gazebo' build argument 'cmake_args' from command line to 'None'
[1.517s] Level 5:colcon.colcon_core.verb:set package 'turtlebot3_gazebo' build argument 'cmake_target' from command line to 'None'
[1.517s] Level 5:colcon.colcon_core.verb:set package 'turtlebot3_gazebo' build argument 'cmake_target_skip_unavailable' from command line to 'False'
[1.517s] Level 5:colcon.colcon_core.verb:set package 'turtlebot3_gazebo' build argument 'cmake_clean_cache' from command line to 'False'
[1.517s] Level 5:colcon.colcon_core.verb:set package 'turtlebot3_gazebo' build argument 'cmake_clean_first' from command line to 'False'
[1.517s] Level 5:colcon.colcon_core.verb:set package 'turtlebot3_gazebo' build argument 'cmake_force_configure' from command line to 'False'
[1.517s] Level 5:colcon.colcon_core.verb:set package 'turtlebot3_gazebo' build argument 'ament_cmake_args' from command line to 'None'
[1.517s] Level 5:colcon.colcon_core.verb:set package 'turtlebot3_gazebo' build argument 'catkin_cmake_args' from command line to 'None'
[1.517s] Level 5:colcon.colcon_core.verb:set package 'turtlebot3_gazebo' build argument 'catkin_skip_building_tests' from command line to 'False'
[1.517s] DEBUG:colcon.colcon_core.verb:Building package 'turtlebot3_gazebo' with the following arguments: {'ament_cmake_args': None, 'build_base': '/home/elee02/ros2_ws/src/build/turtlebot3_gazebo', 'catkin_cmake_args': None, 'catkin_skip_building_tests': False, 'cmake_args': None, 'cmake_clean_cache': False, 'cmake_clean_first': False, 'cmake_force_configure': False, 'cmake_target': None, 'cmake_target_skip_unavailable': False, 'install_base': '/home/elee02/ros2_ws/src/install/turtlebot3_gazebo', 'merge_install': False, 'path': '/home/elee02/ros2_ws/src/turtlebot3_gazebo', 'symlink_install': False, 'test_result_base': None}
[1.546s] Level 5:colcon.colcon_core.verb:set package 'turtlebot3_simulations' build argument 'cmake_args' from command line to 'None'
[1.546s] Level 5:colcon.colcon_core.verb:set package 'turtlebot3_simulations' build argument 'cmake_target' from command line to 'None'
[1.547s] Level 5:colcon.colcon_core.verb:set package 'turtlebot3_simulations' build argument 'cmake_target_skip_unavailable' from command line to 'False'
[1.547s] Level 5:colcon.colcon_core.verb:set package 'turtlebot3_simulations' build argument 'cmake_clean_cache' from command line to 'False'
[1.547s] Level 5:colcon.colcon_core.verb:set package 'turtlebot3_simulations' build argument 'cmake_clean_first' from command line to 'False'
[1.547s] Level 5:colcon.colcon_core.verb:set package 'turtlebot3_simulations' build argument 'cmake_force_configure' from command line to 'False'
[1.547s] Level 5:colcon.colcon_core.verb:set package 'turtlebot3_simulations' build argument 'ament_cmake_args' from command line to 'None'
[1.547s] Level 5:colcon.colcon_core.verb:set package 'turtlebot3_simulations' build argument 'catkin_cmake_args' from command line to 'None'
[1.547s] Level 5:colcon.colcon_core.verb:set package 'turtlebot3_simulations' build argument 'catkin_skip_building_tests' from command line to 'False'
[1.547s] DEBUG:colcon.colcon_core.verb:Building package 'turtlebot3_simulations' with the following arguments: {'ament_cmake_args': None, 'build_base': '/home/elee02/ros2_ws/src/build/turtlebot3_simulations', 'catkin_cmake_args': None, 'catkin_skip_building_tests': False, 'cmake_args': None, 'cmake_clean_cache': False, 'cmake_clean_first': False, 'cmake_force_configure': False, 'cmake_target': None, 'cmake_target_skip_unavailable': False, 'install_base': '/home/elee02/ros2_ws/src/install/turtlebot3_simulations', 'merge_install': False, 'path': '/home/elee02/ros2_ws/src/turtlebot3_simulations', 'symlink_install': False, 'test_result_base': None}
[1.565s] INFO:colcon.colcon_core.executor:Executing jobs using 'parallel' executor
[1.583s] DEBUG:colcon.colcon_parallel_executor.executor.parallel:run_until_complete
[1.583s] INFO:colcon.colcon_ros.task.ament_cmake.build:Building ROS package in '/home/elee02/ros2_ws/src/turtlebot3_fake_node' with build type 'ament_cmake'
[1.584s] INFO:colcon.colcon_cmake.task.cmake.build:Building CMake package in '/home/elee02/ros2_ws/src/turtlebot3_fake_node'
[1.604s] INFO:colcon.colcon_core.plugin_system:Skipping extension 'colcon_core.shell.bat': Not used on non-Windows systems
[1.605s] INFO:colcon.colcon_core.shell:Skip shell extension 'powershell' for command environment: Not usable outside of PowerShell
[1.605s] DEBUG:colcon.colcon_core.shell:Skip shell extension 'dsv' for command environment
[1.643s] INFO:colcon.colcon_ros.task.ament_cmake.build:Building ROS package in '/home/elee02/ros2_ws/src/turtlebot3_gazebo' with build type 'ament_cmake'
[1.643s] INFO:colcon.colcon_cmake.task.cmake.build:Building CMake package in '/home/elee02/ros2_ws/src/turtlebot3_gazebo'
[1.662s] INFO:colcon.colcon_core.shell:Skip shell extension 'powershell' for command environment: Not usable outside of PowerShell
[1.662s] DEBUG:colcon.colcon_core.shell:Skip shell extension 'dsv' for command environment
[1.701s] INFO:colcon.colcon_ros.task.ament_python.build:Building ROS package in '/home/elee02/ros2_ws/src/my_robot_controller' with build type 'ament_python'
[1.701s] Level 1:colcon.colcon_core.shell:create_environment_hook('my_robot_controller', 'ament_prefix_path')
[1.721s] INFO:colcon.colcon_core.shell:Creating environment hook '/home/elee02/ros2_ws/src/install/my_robot_controller/share/my_robot_controller/hook/ament_prefix_path.ps1'
[1.722s] INFO:colcon.colcon_core.shell:Creating environment descriptor '/home/elee02/ros2_ws/src/install/my_robot_controller/share/my_robot_controller/hook/ament_prefix_path.dsv'
[1.723s] INFO:colcon.colcon_core.shell:Creating environment hook '/home/elee02/ros2_ws/src/install/my_robot_controller/share/my_robot_controller/hook/ament_prefix_path.sh'
[1.743s] INFO:colcon.colcon_core.shell:Skip shell extension 'powershell' for command environment: Not usable outside of PowerShell
[1.744s] DEBUG:colcon.colcon_core.shell:Skip shell extension 'dsv' for command environment
[1.795s] DEBUG:colcon.colcon_core.event_handler.log_command:Invoking command in '/home/elee02/ros2_ws/src/build/turtlebot3_fake_node': CMAKE_PREFIX_PATH=/opt/ros/humble /usr/bin/cmake --build /home/elee02/ros2_ws/src/build/turtlebot3_fake_node -- -j8 -l8
[1.800s] DEBUG:colcon.colcon_core.event_handler.log_command:Invoking command in '/home/elee02/ros2_ws/src/build/turtlebot3_gazebo': CMAKE_PREFIX_PATH=/opt/ros/humble /usr/bin/cmake --build /home/elee02/ros2_ws/src/build/turtlebot3_gazebo -- -j8 -l8
[2.027s] INFO:colcon.colcon_core.task.python.build:Building Python package in '/home/elee02/ros2_ws/src/my_robot_controller'
[2.046s] INFO:colcon.colcon_core.shell:Skip shell extension 'powershell' for command environment: Not usable outside of PowerShell
[2.046s] DEBUG:colcon.colcon_core.shell:Skip shell extension 'dsv' for command environment
[2.085s] DEBUG:colcon.colcon_core.event_handler.log_command:Invoked command in '/home/elee02/ros2_ws/src/build/turtlebot3_fake_node' returned '0': CMAKE_PREFIX_PATH=/opt/ros/humble /usr/bin/cmake --build /home/elee02/ros2_ws/src/build/turtlebot3_fake_node -- -j8 -l8
[2.086s] DEBUG:colcon.colcon_core.event_handler.log_command:Invoked command in '/home/elee02/ros2_ws/src/build/turtlebot3_gazebo' returned '0': CMAKE_PREFIX_PATH=/opt/ros/humble /usr/bin/cmake --build /home/elee02/ros2_ws/src/build/turtlebot3_gazebo -- -j8 -l8
[2.120s] DEBUG:colcon.colcon_core.event_handler.log_command:Invoking command in '/home/elee02/ros2_ws/src/build/turtlebot3_fake_node': CMAKE_PREFIX_PATH=/opt/ros/humble /usr/bin/cmake --install /home/elee02/ros2_ws/src/build/turtlebot3_fake_node
[2.122s] DEBUG:colcon.colcon_core.event_handler.log_command:Invoking command in '/home/elee02/ros2_ws/src/build/turtlebot3_gazebo': CMAKE_PREFIX_PATH=/opt/ros/humble /usr/bin/cmake --install /home/elee02/ros2_ws/src/build/turtlebot3_gazebo
[2.132s] Level 1:colcon.colcon_core.environment:create_environment_scripts_only(turtlebot3_fake_node)
[2.151s] DEBUG:colcon.colcon_core.event_handler.log_command:Invoked command in '/home/elee02/ros2_ws/src/build/turtlebot3_fake_node' returned '0': CMAKE_PREFIX_PATH=/opt/ros/humble /usr/bin/cmake --install /home/elee02/ros2_ws/src/build/turtlebot3_fake_node
[2.164s] Level 1:colcon.colcon_core.environment:checking '/home/elee02/ros2_ws/src/install/turtlebot3_fake_node' for CMake module files
[2.165s] Level 1:colcon.colcon_core.environment:checking '/home/elee02/ros2_ws/src/install/turtlebot3_fake_node' for CMake config files
[2.165s] Level 1:colcon.colcon_core.shell:create_environment_hook('turtlebot3_fake_node', 'cmake_prefix_path')
[2.184s] INFO:colcon.colcon_core.shell:Creating environment hook '/home/elee02/ros2_ws/src/install/turtlebot3_fake_node/share/turtlebot3_fake_node/hook/cmake_prefix_path.ps1'
[2.185s] INFO:colcon.colcon_core.shell:Creating environment descriptor '/home/elee02/ros2_ws/src/install/turtlebot3_fake_node/share/turtlebot3_fake_node/hook/cmake_prefix_path.dsv'
[2.185s] INFO:colcon.colcon_core.shell:Creating environment hook '/home/elee02/ros2_ws/src/install/turtlebot3_fake_node/share/turtlebot3_fake_node/hook/cmake_prefix_path.sh'
[2.186s] Level 1:colcon.colcon_core.environment:checking '/home/elee02/ros2_ws/src/install/turtlebot3_fake_node/lib'
[2.186s] Level 1:colcon.colcon_core.environment:checking '/home/elee02/ros2_ws/src/install/turtlebot3_fake_node/bin'
[2.186s] Level 1:colcon.colcon_core.environment:checking '/home/elee02/ros2_ws/src/install/turtlebot3_fake_node/lib/pkgconfig/turtlebot3_fake_node.pc'
[2.186s] Level 1:colcon.colcon_core.environment:checking '/home/elee02/ros2_ws/src/install/turtlebot3_fake_node/lib/python3.10/site-packages'
[2.187s] Level 1:colcon.colcon_core.environment:checking '/home/elee02/ros2_ws/src/install/turtlebot3_fake_node/bin'
[2.205s] INFO:colcon.colcon_core.shell:Creating package script '/home/elee02/ros2_ws/src/install/turtlebot3_fake_node/share/turtlebot3_fake_node/package.ps1'
[2.206s] INFO:colcon.colcon_core.shell:Creating package descriptor '/home/elee02/ros2_ws/src/install/turtlebot3_fake_node/share/turtlebot3_fake_node/package.dsv'
[2.206s] INFO:colcon.colcon_core.shell:Creating package script '/home/elee02/ros2_ws/src/install/turtlebot3_fake_node/share/turtlebot3_fake_node/package.sh'
[2.207s] INFO:colcon.colcon_core.shell:Creating package script '/home/elee02/ros2_ws/src/install/turtlebot3_fake_node/share/turtlebot3_fake_node/package.bash'
[2.208s] INFO:colcon.colcon_core.shell:Creating package script '/home/elee02/ros2_ws/src/install/turtlebot3_fake_node/share/turtlebot3_fake_node/package.zsh'
[2.208s] Level 1:colcon.colcon_core.environment:create_file_with_runtime_dependencies(/home/elee02/ros2_ws/src/install/turtlebot3_fake_node/share/colcon-core/packages/turtlebot3_fake_node)
[2.212s] Level 1:colcon.colcon_core.environment:create_environment_scripts_only(turtlebot3_gazebo)
[2.213s] DEBUG:colcon.colcon_core.event_handler.log_command:Invoked command in '/home/elee02/ros2_ws/src/build/turtlebot3_gazebo' returned '0': CMAKE_PREFIX_PATH=/opt/ros/humble /usr/bin/cmake --install /home/elee02/ros2_ws/src/build/turtlebot3_gazebo
[2.232s] Level 1:colcon.colcon_core.environment:checking '/home/elee02/ros2_ws/src/install/turtlebot3_gazebo' for CMake module files
[2.232s] Level 1:colcon.colcon_core.environment:checking '/home/elee02/ros2_ws/src/install/turtlebot3_gazebo' for CMake config files
[2.233s] Level 1:colcon.colcon_core.shell:create_environment_hook('turtlebot3_gazebo', 'cmake_prefix_path')
[2.251s] INFO:colcon.colcon_core.shell:Creating environment hook '/home/elee02/ros2_ws/src/install/turtlebot3_gazebo/share/turtlebot3_gazebo/hook/cmake_prefix_path.ps1'
[2.252s] INFO:colcon.colcon_core.shell:Creating environment descriptor '/home/elee02/ros2_ws/src/install/turtlebot3_gazebo/share/turtlebot3_gazebo/hook/cmake_prefix_path.dsv'
[2.252s] INFO:colcon.colcon_core.shell:Creating environment hook '/home/elee02/ros2_ws/src/install/turtlebot3_gazebo/share/turtlebot3_gazebo/hook/cmake_prefix_path.sh'
[2.253s] Level 1:colcon.colcon_core.environment:checking '/home/elee02/ros2_ws/src/install/turtlebot3_gazebo/lib'
[2.253s] Level 1:colcon.colcon_core.environment:checking '/home/elee02/ros2_ws/src/install/turtlebot3_gazebo/bin'
[2.253s] Level 1:colcon.colcon_core.environment:checking '/home/elee02/ros2_ws/src/install/turtlebot3_gazebo/lib/pkgconfig/turtlebot3_gazebo.pc'
[2.253s] Level 1:colcon.colcon_core.environment:checking '/home/elee02/ros2_ws/src/install/turtlebot3_gazebo/lib/python3.10/site-packages'
[2.254s] Level 1:colcon.colcon_core.environment:checking '/home/elee02/ros2_ws/src/install/turtlebot3_gazebo/bin'
[2.273s] INFO:colcon.colcon_core.shell:Creating package script '/home/elee02/ros2_ws/src/install/turtlebot3_gazebo/share/turtlebot3_gazebo/package.ps1'
[2.273s] INFO:colcon.colcon_core.shell:Creating package descriptor '/home/elee02/ros2_ws/src/install/turtlebot3_gazebo/share/turtlebot3_gazebo/package.dsv'
[2.274s] INFO:colcon.colcon_core.shell:Creating package script '/home/elee02/ros2_ws/src/install/turtlebot3_gazebo/share/turtlebot3_gazebo/package.sh'
[2.274s] INFO:colcon.colcon_core.shell:Creating package script '/home/elee02/ros2_ws/src/install/turtlebot3_gazebo/share/turtlebot3_gazebo/package.bash'
[2.274s] INFO:colcon.colcon_core.shell:Creating package script '/home/elee02/ros2_ws/src/install/turtlebot3_gazebo/share/turtlebot3_gazebo/package.zsh'
[2.275s] Level 1:colcon.colcon_core.environment:create_file_with_runtime_dependencies(/home/elee02/ros2_ws/src/install/turtlebot3_gazebo/share/colcon-core/packages/turtlebot3_gazebo)
[2.295s] Level 1:colcon.colcon_core.environment:create_environment_scripts_only(turtlebot3_fake_node)
[2.314s] Level 1:colcon.colcon_core.environment:checking '/home/elee02/ros2_ws/src/install/turtlebot3_fake_node' for CMake module files
[2.314s] Level 1:colcon.colcon_core.environment:checking '/home/elee02/ros2_ws/src/install/turtlebot3_fake_node' for CMake config files
[2.314s] Level 1:colcon.colcon_core.shell:create_environment_hook('turtlebot3_fake_node', 'cmake_prefix_path')
[2.333s] INFO:colcon.colcon_core.shell:Creating environment hook '/home/elee02/ros2_ws/src/install/turtlebot3_fake_node/share/turtlebot3_fake_node/hook/cmake_prefix_path.ps1'
[2.334s] INFO:colcon.colcon_core.shell:Creating environment descriptor '/home/elee02/ros2_ws/src/install/turtlebot3_fake_node/share/turtlebot3_fake_node/hook/cmake_prefix_path.dsv'
[2.334s] INFO:colcon.colcon_core.shell:Creating environment hook '/home/elee02/ros2_ws/src/install/turtlebot3_fake_node/share/turtlebot3_fake_node/hook/cmake_prefix_path.sh'
[2.335s] Level 1:colcon.colcon_core.environment:checking '/home/elee02/ros2_ws/src/install/turtlebot3_fake_node/lib'
[2.335s] Level 1:colcon.colcon_core.environment:checking '/home/elee02/ros2_ws/src/install/turtlebot3_fake_node/bin'
[2.335s] Level 1:colcon.colcon_core.environment:checking '/home/elee02/ros2_ws/src/install/turtlebot3_fake_node/lib/pkgconfig/turtlebot3_fake_node.pc'
[2.335s] Level 1:colcon.colcon_core.environment:checking '/home/elee02/ros2_ws/src/install/turtlebot3_fake_node/lib/python3.10/site-packages'
[2.335s] Level 1:colcon.colcon_core.environment:checking '/home/elee02/ros2_ws/src/install/turtlebot3_fake_node/bin'
[2.354s] INFO:colcon.colcon_core.shell:Creating package script '/home/elee02/ros2_ws/src/install/turtlebot3_fake_node/share/turtlebot3_fake_node/package.ps1'
[2.354s] INFO:colcon.colcon_core.shell:Creating package descriptor '/home/elee02/ros2_ws/src/install/turtlebot3_fake_node/share/turtlebot3_fake_node/package.dsv'
[2.355s] INFO:colcon.colcon_core.shell:Creating package script '/home/elee02/ros2_ws/src/install/turtlebot3_fake_node/share/turtlebot3_fake_node/package.sh'
[2.355s] INFO:colcon.colcon_core.shell:Creating package script '/home/elee02/ros2_ws/src/install/turtlebot3_fake_node/share/turtlebot3_fake_node/package.bash'
[2.356s] INFO:colcon.colcon_core.shell:Creating package script '/home/elee02/ros2_ws/src/install/turtlebot3_fake_node/share/turtlebot3_fake_node/package.zsh'
[2.356s] Level 1:colcon.colcon_core.environment:create_file_with_runtime_dependencies(/home/elee02/ros2_ws/src/install/turtlebot3_fake_node/share/colcon-core/packages/turtlebot3_fake_node)
[2.376s] Level 1:colcon.colcon_core.environment:create_environment_scripts_only(turtlebot3_gazebo)
[2.395s] Level 1:colcon.colcon_core.environment:checking '/home/elee02/ros2_ws/src/install/turtlebot3_gazebo' for CMake module files
[2.395s] Level 1:colcon.colcon_core.environment:checking '/home/elee02/ros2_ws/src/install/turtlebot3_gazebo' for CMake config files
[2.396s] Level 1:colcon.colcon_core.shell:create_environment_hook('turtlebot3_gazebo', 'cmake_prefix_path')
[2.414s] INFO:colcon.colcon_core.shell:Creating environment hook '/home/elee02/ros2_ws/src/install/turtlebot3_gazebo/share/turtlebot3_gazebo/hook/cmake_prefix_path.ps1'
[2.414s] INFO:colcon.colcon_core.shell:Creating environment descriptor '/home/elee02/ros2_ws/src/install/turtlebot3_gazebo/share/turtlebot3_gazebo/hook/cmake_prefix_path.dsv'
[2.415s] INFO:colcon.colcon_core.shell:Creating environment hook '/home/elee02/ros2_ws/src/install/turtlebot3_gazebo/share/turtlebot3_gazebo/hook/cmake_prefix_path.sh'
[2.415s] Level 1:colcon.colcon_core.environment:checking '/home/elee02/ros2_ws/src/install/turtlebot3_gazebo/lib'
[2.415s] Level 1:colcon.colcon_core.environment:checking '/home/elee02/ros2_ws/src/install/turtlebot3_gazebo/bin'
[2.416s] Level 1:colcon.colcon_core.environment:checking '/home/elee02/ros2_ws/src/install/turtlebot3_gazebo/lib/pkgconfig/turtlebot3_gazebo.pc'
[2.416s] Level 1:colcon.colcon_core.environment:checking '/home/elee02/ros2_ws/src/install/turtlebot3_gazebo/lib/python3.10/site-packages'
[2.416s] Level 1:colcon.colcon_core.environment:checking '/home/elee02/ros2_ws/src/install/turtlebot3_gazebo/bin'
[2.434s] INFO:colcon.colcon_core.shell:Creating package script '/home/elee02/ros2_ws/src/install/turtlebot3_gazebo/share/turtlebot3_gazebo/package.ps1'
[2.435s] INFO:colcon.colcon_core.shell:Creating package descriptor '/home/elee02/ros2_ws/src/install/turtlebot3_gazebo/share/turtlebot3_gazebo/package.dsv'
[2.435s] INFO:colcon.colcon_core.shell:Creating package script '/home/elee02/ros2_ws/src/install/turtlebot3_gazebo/share/turtlebot3_gazebo/package.sh'
[2.436s] INFO:colcon.colcon_core.shell:Creating package script '/home/elee02/ros2_ws/src/install/turtlebot3_gazebo/share/turtlebot3_gazebo/package.bash'
[2.436s] INFO:colcon.colcon_core.shell:Creating package script '/home/elee02/ros2_ws/src/install/turtlebot3_gazebo/share/turtlebot3_gazebo/package.zsh'
[2.436s] Level 1:colcon.colcon_core.environment:create_file_with_runtime_dependencies(/home/elee02/ros2_ws/src/install/turtlebot3_gazebo/share/colcon-core/packages/turtlebot3_gazebo)
[2.437s] INFO:colcon.colcon_ros.task.ament_cmake.build:Building ROS package in '/home/elee02/ros2_ws/src/turtlebot3_simulations' with build type 'ament_cmake'
[2.437s] INFO:colcon.colcon_cmake.task.cmake.build:Building CMake package in '/home/elee02/ros2_ws/src/turtlebot3_simulations'
[2.456s] INFO:colcon.colcon_core.shell:Skip shell extension 'powershell' for command environment: Not usable outside of PowerShell
[2.456s] DEBUG:colcon.colcon_core.shell:Skip shell extension 'dsv' for command environment
[2.503s] DEBUG:colcon.colcon_core.event_handler.log_command:Invoking command in '/home/elee02/ros2_ws/src/build/turtlebot3_simulations': AMENT_PREFIX_PATH=/home/elee02/ros2_ws/src/install/turtlebot3_gazebo:/home/elee02/ros2_ws/src/install/turtlebot3_fake_node:${AMENT_PREFIX_PATH} CMAKE_PREFIX_PATH=/home/elee02/ros2_ws/src/install/turtlebot3_gazebo:/home/elee02/ros2_ws/src/install/turtlebot3_fake_node:/opt/ros/humble /usr/bin/cmake --build /home/elee02/ros2_ws/src/build/turtlebot3_simulations -- -j8 -l8
[2.539s] DEBUG:colcon.colcon_core.event_handler.log_command:Invoked command in '/home/elee02/ros2_ws/src/build/turtlebot3_simulations' returned '0': AMENT_PREFIX_PATH=/home/elee02/ros2_ws/src/install/turtlebot3_gazebo:/home/elee02/ros2_ws/src/install/turtlebot3_fake_node:${AMENT_PREFIX_PATH} CMAKE_PREFIX_PATH=/home/elee02/ros2_ws/src/install/turtlebot3_gazebo:/home/elee02/ros2_ws/src/install/turtlebot3_fake_node:/opt/ros/humble /usr/bin/cmake --build /home/elee02/ros2_ws/src/build/turtlebot3_simulations -- -j8 -l8
[2.562s] DEBUG:colcon.colcon_core.event_handler.log_command:Invoking command in '/home/elee02/ros2_ws/src/build/turtlebot3_simulations': AMENT_PREFIX_PATH=/home/elee02/ros2_ws/src/install/turtlebot3_gazebo:/home/elee02/ros2_ws/src/install/turtlebot3_fake_node:${AMENT_PREFIX_PATH} CMAKE_PREFIX_PATH=/home/elee02/ros2_ws/src/install/turtlebot3_gazebo:/home/elee02/ros2_ws/src/install/turtlebot3_fake_node:/opt/ros/humble /usr/bin/cmake --install /home/elee02/ros2_ws/src/build/turtlebot3_simulations
[2.579s] Level 1:colcon.colcon_core.environment:create_environment_scripts_only(turtlebot3_simulations)
[2.580s] DEBUG:colcon.colcon_core.event_handler.log_command:Invoked command in '/home/elee02/ros2_ws/src/build/turtlebot3_simulations' returned '0': AMENT_PREFIX_PATH=/home/elee02/ros2_ws/src/install/turtlebot3_gazebo:/home/elee02/ros2_ws/src/install/turtlebot3_fake_node:${AMENT_PREFIX_PATH} CMAKE_PREFIX_PATH=/home/elee02/ros2_ws/src/install/turtlebot3_gazebo:/home/elee02/ros2_ws/src/install/turtlebot3_fake_node:/opt/ros/humble /usr/bin/cmake --install /home/elee02/ros2_ws/src/build/turtlebot3_simulations
[2.605s] Level 1:colcon.colcon_core.environment:checking '/home/elee02/ros2_ws/src/install/turtlebot3_simulations' for CMake module files
[2.606s] Level 1:colcon.colcon_core.environment:checking '/home/elee02/ros2_ws/src/install/turtlebot3_simulations' for CMake config files
[2.606s] Level 1:colcon.colcon_core.shell:create_environment_hook('turtlebot3_simulations', 'cmake_prefix_path')
[2.626s] INFO:colcon.colcon_core.shell:Creating environment hook '/home/elee02/ros2_ws/src/install/turtlebot3_simulations/share/turtlebot3_simulations/hook/cmake_prefix_path.ps1'
[2.627s] INFO:colcon.colcon_core.shell:Creating environment descriptor '/home/elee02/ros2_ws/src/install/turtlebot3_simulations/share/turtlebot3_simulations/hook/cmake_prefix_path.dsv'
[2.627s] INFO:colcon.colcon_core.shell:Creating environment hook '/home/elee02/ros2_ws/src/install/turtlebot3_simulations/share/turtlebot3_simulations/hook/cmake_prefix_path.sh'
[2.628s] Level 1:colcon.colcon_core.environment:checking '/home/elee02/ros2_ws/src/install/turtlebot3_simulations/bin'
[2.628s] Level 1:colcon.colcon_core.environment:checking '/home/elee02/ros2_ws/src/install/turtlebot3_simulations/lib/pkgconfig/turtlebot3_simulations.pc'
[2.628s] Level 1:colcon.colcon_core.environment:checking '/home/elee02/ros2_ws/src/install/turtlebot3_simulations/lib/python3.10/site-packages'
[2.628s] Level 1:colcon.colcon_core.environment:checking '/home/elee02/ros2_ws/src/install/turtlebot3_simulations/bin'
[2.659s] INFO:colcon.colcon_core.shell:Creating package script '/home/elee02/ros2_ws/src/install/turtlebot3_simulations/share/turtlebot3_simulations/package.ps1'
[2.660s] INFO:colcon.colcon_core.shell:Creating package descriptor '/home/elee02/ros2_ws/src/install/turtlebot3_simulations/share/turtlebot3_simulations/package.dsv'
[2.661s] INFO:colcon.colcon_core.shell:Creating package script '/home/elee02/ros2_ws/src/install/turtlebot3_simulations/share/turtlebot3_simulations/package.sh'
[2.662s] INFO:colcon.colcon_core.shell:Creating package script '/home/elee02/ros2_ws/src/install/turtlebot3_simulations/share/turtlebot3_simulations/package.bash'
[2.662s] INFO:colcon.colcon_core.shell:Creating package script '/home/elee02/ros2_ws/src/install/turtlebot3_simulations/share/turtlebot3_simulations/package.zsh'
[2.663s] Level 1:colcon.colcon_core.environment:create_file_with_runtime_dependencies(/home/elee02/ros2_ws/src/install/turtlebot3_simulations/share/colcon-core/packages/turtlebot3_simulations)
[2.719s] Level 1:colcon.colcon_core.environment:create_environment_scripts_only(turtlebot3_simulations)
[2.753s] Level 1:colcon.colcon_core.environment:checking '/home/elee02/ros2_ws/src/install/turtlebot3_simulations' for CMake module files
[2.753s] Level 1:colcon.colcon_core.environment:checking '/home/elee02/ros2_ws/src/install/turtlebot3_simulations' for CMake config files
[2.754s] Level 1:colcon.colcon_core.shell:create_environment_hook('turtlebot3_simulations', 'cmake_prefix_path')
[2.787s] INFO:colcon.colcon_core.shell:Creating environment hook '/home/elee02/ros2_ws/src/install/turtlebot3_simulations/share/turtlebot3_simulations/hook/cmake_prefix_path.ps1'
[2.788s] INFO:colcon.colcon_core.shell:Creating environment descriptor '/home/elee02/ros2_ws/src/install/turtlebot3_simulations/share/turtlebot3_simulations/hook/cmake_prefix_path.dsv'
[2.788s] INFO:colcon.colcon_core.shell:Creating environment hook '/home/elee02/ros2_ws/src/install/turtlebot3_simulations/share/turtlebot3_simulations/hook/cmake_prefix_path.sh'
[2.789s] Level 1:colcon.colcon_core.environment:checking '/home/elee02/ros2_ws/src/install/turtlebot3_simulations/bin'
[2.789s] Level 1:colcon.colcon_core.environment:checking '/home/elee02/ros2_ws/src/install/turtlebot3_simulations/lib/pkgconfig/turtlebot3_simulations.pc'
[2.789s] Level 1:colcon.colcon_core.environment:checking '/home/elee02/ros2_ws/src/install/turtlebot3_simulations/lib/python3.10/site-packages'
[2.789s] Level 1:colcon.colcon_core.environment:checking '/home/elee02/ros2_ws/src/install/turtlebot3_simulations/bin'
[2.810s] INFO:colcon.colcon_core.shell:Creating package script '/home/elee02/ros2_ws/src/install/turtlebot3_simulations/share/turtlebot3_simulations/package.ps1'
[2.811s] INFO:colcon.colcon_core.shell:Creating package descriptor '/home/elee02/ros2_ws/src/install/turtlebot3_simulations/share/turtlebot3_simulations/package.dsv'
[2.811s] INFO:colcon.colcon_core.shell:Creating package script '/home/elee02/ros2_ws/src/install/turtlebot3_simulations/share/turtlebot3_simulations/package.sh'
[2.812s] INFO:colcon.colcon_core.shell:Creating package script '/home/elee02/ros2_ws/src/install/turtlebot3_simulations/share/turtlebot3_simulations/package.bash'
[2.812s] INFO:colcon.colcon_core.shell:Creating package script '/home/elee02/ros2_ws/src/install/turtlebot3_simulations/share/turtlebot3_simulations/package.zsh'
[2.812s] Level 1:colcon.colcon_core.environment:create_file_with_runtime_dependencies(/home/elee02/ros2_ws/src/install/turtlebot3_simulations/share/colcon-core/packages/turtlebot3_simulations)
[2.816s] DEBUG:colcon.colcon_core.event_handler.log_command:Invoking command in '/home/elee02/ros2_ws/src/my_robot_controller': PYTHONPATH=/home/elee02/ros2_ws/src/build/my_robot_controller/prefix_override:/home/elee02/ros2_ws/src/install/my_robot_controller/lib/python3.10/site-packages:${PYTHONPATH} /usr/bin/python3 setup.py egg_info --egg-base ../build/my_robot_controller build --build-base /home/elee02/ros2_ws/src/build/my_robot_controller/build install --record /home/elee02/ros2_ws/src/build/my_robot_controller/install.log --single-version-externally-managed
[3.548s] DEBUG:colcon.colcon_core.event_handler.log_command:Invoked command in '/home/elee02/ros2_ws/src/my_robot_controller' returned '0': PYTHONPATH=/home/elee02/ros2_ws/src/build/my_robot_controller/prefix_override:/home/elee02/ros2_ws/src/install/my_robot_controller/lib/python3.10/site-packages:${PYTHONPATH} /usr/bin/python3 setup.py egg_info --egg-base ../build/my_robot_controller build --build-base /home/elee02/ros2_ws/src/build/my_robot_controller/build install --record /home/elee02/ros2_ws/src/build/my_robot_controller/install.log --single-version-externally-managed
[3.566s] Level 1:colcon.colcon_core.environment:checking '/home/elee02/ros2_ws/src/install/my_robot_controller' for CMake module files
[3.567s] Level 1:colcon.colcon_core.environment:checking '/home/elee02/ros2_ws/src/install/my_robot_controller' for CMake config files
[3.567s] Level 1:colcon.colcon_core.environment:checking '/home/elee02/ros2_ws/src/install/my_robot_controller/lib'
[3.567s] Level 1:colcon.colcon_core.environment:checking '/home/elee02/ros2_ws/src/install/my_robot_controller/bin'
[3.567s] Level 1:colcon.colcon_core.environment:checking '/home/elee02/ros2_ws/src/install/my_robot_controller/lib/pkgconfig/my_robot_controller.pc'
[3.568s] Level 1:colcon.colcon_core.environment:checking '/home/elee02/ros2_ws/src/install/my_robot_controller/lib/python3.10/site-packages'
[3.568s] Level 1:colcon.colcon_core.shell:create_environment_hook('my_robot_controller', 'pythonpath')
[3.585s] INFO:colcon.colcon_core.shell:Creating environment hook '/home/elee02/ros2_ws/src/install/my_robot_controller/share/my_robot_controller/hook/pythonpath.ps1'
[3.585s] INFO:colcon.colcon_core.shell:Creating environment descriptor '/home/elee02/ros2_ws/src/install/my_robot_controller/share/my_robot_controller/hook/pythonpath.dsv'
[3.586s] INFO:colcon.colcon_core.shell:Creating environment hook '/home/elee02/ros2_ws/src/install/my_robot_controller/share/my_robot_controller/hook/pythonpath.sh'
[3.586s] Level 1:colcon.colcon_core.environment:checking '/home/elee02/ros2_ws/src/install/my_robot_controller/bin'
[3.587s] Level 1:colcon.colcon_core.environment:create_environment_scripts_only(my_robot_controller)
[3.607s] INFO:colcon.colcon_core.shell:Creating package script '/home/elee02/ros2_ws/src/install/my_robot_controller/share/my_robot_controller/package.ps1'
[3.607s] INFO:colcon.colcon_core.shell:Creating package descriptor '/home/elee02/ros2_ws/src/install/my_robot_controller/share/my_robot_controller/package.dsv'
[3.608s] INFO:colcon.colcon_core.shell:Creating package script '/home/elee02/ros2_ws/src/install/my_robot_controller/share/my_robot_controller/package.sh'
[3.608s] INFO:colcon.colcon_core.shell:Creating package script '/home/elee02/ros2_ws/src/install/my_robot_controller/share/my_robot_controller/package.bash'
[3.608s] INFO:colcon.colcon_core.shell:Creating package script '/home/elee02/ros2_ws/src/install/my_robot_controller/share/my_robot_controller/package.zsh'
[3.609s] Level 1:colcon.colcon_core.environment:create_file_with_runtime_dependencies(/home/elee02/ros2_ws/src/install/my_robot_controller/share/colcon-core/packages/my_robot_controller)
[3.609s] DEBUG:colcon.colcon_parallel_executor.executor.parallel:closing loop
[3.610s] DEBUG:colcon.colcon_parallel_executor.executor.parallel:loop closed
[3.610s] DEBUG:colcon.colcon_parallel_executor.executor.parallel:run_until_complete finished with '0'
[3.610s] DEBUG:colcon.colcon_core.event_reactor:joining thread
[3.633s] INFO:colcon.colcon_core.plugin_system:Skipping extension 'colcon_notification.desktop_notification.terminal_notifier': Not used on non-Darwin systems
[3.633s] INFO:colcon.colcon_core.plugin_system:Skipping extension 'colcon_notification.desktop_notification.win32': Not used on non-Windows systems
[3.633s] INFO:colcon.colcon_notification.desktop_notification:Sending desktop notification using 'notify2'
[3.647s] DEBUG:colcon.colcon_core.event_reactor:joined thread
[3.666s] INFO:colcon.colcon_core.shell:Creating prefix script '/home/elee02/ros2_ws/src/install/local_setup.ps1'
[3.667s] INFO:colcon.colcon_core.shell:Creating prefix util module '/home/elee02/ros2_ws/src/install/_local_setup_util_ps1.py'
[3.668s] INFO:colcon.colcon_core.shell:Creating prefix chain script '/home/elee02/ros2_ws/src/install/setup.ps1'
[3.687s] INFO:colcon.colcon_core.shell:Creating prefix script '/home/elee02/ros2_ws/src/install/local_setup.sh'
[3.688s] INFO:colcon.colcon_core.shell:Creating prefix util module '/home/elee02/ros2_ws/src/install/_local_setup_util_sh.py'
[3.688s] INFO:colcon.colcon_core.shell:Creating prefix chain script '/home/elee02/ros2_ws/src/install/setup.sh'
[3.709s] INFO:colcon.colcon_core.shell:Creating prefix script '/home/elee02/ros2_ws/src/install/local_setup.bash'
[3.709s] INFO:colcon.colcon_core.shell:Creating prefix chain script '/home/elee02/ros2_ws/src/install/setup.bash'
[3.728s] INFO:colcon.colcon_core.shell:Creating prefix script '/home/elee02/ros2_ws/src/install/local_setup.zsh'
[3.729s] INFO:colcon.colcon_core.shell:Creating prefix chain script '/home/elee02/ros2_ws/src/install/setup.zsh'
