[0.772s] DEBUG:colcon:Command line arguments: ['/usr/bin/colcon', 'build']
[0.772s] DEBUG:colcon:Parsed command line arguments: Namespace(log_base=None, log_level=None, verb_name='build', build_base='build', install_base='install', merge_install=False, symlink_install=False, test_result_base=None, continue_on_error=False, executor='parallel', parallel_workers=8, event_handlers=None, ignore_user_meta=False, metas=['./colcon.meta'], base_paths=['.'], packages_ignore=None, packages_ignore_regex=None, paths=None, packages_up_to=None, packages_up_to_regex=None, packages_above=None, packages_above_and_dependencies=None, packages_above_depth=None, packages_select_by_dep=None, packages_skip_by_dep=None, packages_skip_up_to=None, packages_select_build_failed=False, packages_skip_build_finished=False, packages_select_test_failures=False, packages_skip_test_passed=False, packages_select=None, packages_skip=None, packages_select_regex=None, packages_skip_regex=None, packages_start=None, packages_end=None, allow_overriding=[], cmake_args=None, cmake_target=None, cmake_target_skip_unavailable=False, cmake_clean_cache=False, cmake_clean_first=False, cmake_force_configure=False, ament_cmake_args=None, catkin_cmake_args=None, catkin_skip_building_tests=False, verb_parser=<colcon_defaults.argument_parser.defaults.DefaultArgumentsDecorator object at 0x7f714a9dea10>, verb_extension=<colcon_core.verb.build.BuildVerb object at 0x7f714ab8d7b0>, main=<bound method BuildVerb.main of <colcon_core.verb.build.BuildVerb object at 0x7f714ab8d7b0>>)
[0.824s] Level 1:colcon.colcon_core.package_discovery:discover_packages(colcon_meta) check parameters
[0.824s] Level 1:colcon.colcon_core.package_discovery:discover_packages(recursive) check parameters
[0.824s] Level 1:colcon.colcon_core.package_discovery:discover_packages(ignore) check parameters
[0.824s] Level 1:colcon.colcon_core.package_discovery:discover_packages(path) check parameters
[0.824s] Level 1:colcon.colcon_core.package_discovery:discover_packages(colcon_meta) discover
[0.824s] Level 1:colcon.colcon_core.package_discovery:discover_packages(recursive) discover
[0.825s] INFO:colcon.colcon_core.package_discovery:Crawling recursively for packages in '/home/elee02/ros2_ws/src'
[0.825s] Level 1:colcon.colcon_core.package_identification:_identify(.) by extensions ['ignore', 'ignore_ament_install']
[0.825s] Level 1:colcon.colcon_core.package_identification:_identify(.) by extension 'ignore'
[0.825s] Level 1:colcon.colcon_core.package_identification:_identify(.) by extension 'ignore_ament_install'
[0.825s] Level 1:colcon.colcon_core.package_identification:_identify(.) by extensions ['colcon_pkg']
[0.825s] Level 1:colcon.colcon_core.package_identification:_identify(.) by extension 'colcon_pkg'
[0.825s] Level 1:colcon.colcon_core.package_identification:_identify(.) by extensions ['colcon_meta']
[0.825s] Level 1:colcon.colcon_core.package_identification:_identify(.) by extension 'colcon_meta'
[0.825s] Level 1:colcon.colcon_core.package_identification:_identify(.) by extensions ['ros']
[0.825s] Level 1:colcon.colcon_core.package_identification:_identify(.) by extension 'ros'
[0.841s] Level 1:colcon.colcon_core.package_identification:_identify(.) by extensions ['cmake', 'python']
[0.841s] Level 1:colcon.colcon_core.package_identification:_identify(.) by extension 'cmake'
[0.841s] Level 1:colcon.colcon_core.package_identification:_identify(.) by extension 'python'
[0.841s] Level 1:colcon.colcon_core.package_identification:_identify(.) by extensions ['python_setup_py']
[0.841s] Level 1:colcon.colcon_core.package_identification:_identify(.) by extension 'python_setup_py'
[0.841s] Level 1:colcon.colcon_core.package_identification:_identify(build) by extensions ['ignore', 'ignore_ament_install']
[0.841s] Level 1:colcon.colcon_core.package_identification:_identify(build) by extension 'ignore'
[0.841s] Level 1:colcon.colcon_core.package_identification:_identify(build) ignored
[0.841s] Level 1:colcon.colcon_core.package_identification:_identify(install) by extensions ['ignore', 'ignore_ament_install']
[0.842s] Level 1:colcon.colcon_core.package_identification:_identify(install) by extension 'ignore'
[0.842s] Level 1:colcon.colcon_core.package_identification:_identify(install) ignored
[0.842s] Level 1:colcon.colcon_core.package_identification:_identify(log) by extensions ['ignore', 'ignore_ament_install']
[0.842s] Level 1:colcon.colcon_core.package_identification:_identify(log) by extension 'ignore'
[0.842s] Level 1:colcon.colcon_core.package_identification:_identify(log) ignored
[0.842s] Level 1:colcon.colcon_core.package_identification:_identify(my_robot_controller) by extensions ['ignore', 'ignore_ament_install']
[0.842s] Level 1:colcon.colcon_core.package_identification:_identify(my_robot_controller) by extension 'ignore'
[0.842s] Level 1:colcon.colcon_core.package_identification:_identify(my_robot_controller) by extension 'ignore_ament_install'
[0.842s] Level 1:colcon.colcon_core.package_identification:_identify(my_robot_controller) by extensions ['colcon_pkg']
[0.842s] Level 1:colcon.colcon_core.package_identification:_identify(my_robot_controller) by extension 'colcon_pkg'
[0.842s] Level 1:colcon.colcon_core.package_identification:_identify(my_robot_controller) by extensions ['colcon_meta']
[0.842s] Level 1:colcon.colcon_core.package_identification:_identify(my_robot_controller) by extension 'colcon_meta'
[0.842s] Level 1:colcon.colcon_core.package_identification:_identify(my_robot_controller) by extensions ['ros']
[0.842s] Level 1:colcon.colcon_core.package_identification:_identify(my_robot_controller) by extension 'ros'
[0.845s] DEBUG:colcon.colcon_core.package_identification:Package 'my_robot_controller' with type 'ros.ament_python' and name 'my_robot_controller'
[0.845s] Level 1:colcon.colcon_core.package_identification:_identify(turtlebot3_fake_node) by extensions ['ignore', 'ignore_ament_install']
[0.846s] Level 1:colcon.colcon_core.package_identification:_identify(turtlebot3_fake_node) by extension 'ignore'
[0.846s] Level 1:colcon.colcon_core.package_identification:_identify(turtlebot3_fake_node) by extension 'ignore_ament_install'
[0.846s] Level 1:colcon.colcon_core.package_identification:_identify(turtlebot3_fake_node) by extensions ['colcon_pkg']
[0.846s] Level 1:colcon.colcon_core.package_identification:_identify(turtlebot3_fake_node) by extension 'colcon_pkg'
[0.846s] Level 1:colcon.colcon_core.package_identification:_identify(turtlebot3_fake_node) by extensions ['colcon_meta']
[0.846s] Level 1:colcon.colcon_core.package_identification:_identify(turtlebot3_fake_node) by extension 'colcon_meta'
[0.846s] Level 1:colcon.colcon_core.package_identification:_identify(turtlebot3_fake_node) by extensions ['ros']
[0.846s] Level 1:colcon.colcon_core.package_identification:_identify(turtlebot3_fake_node) by extension 'ros'
[0.847s] DEBUG:colcon.colcon_core.package_identification:Package 'turtlebot3_fake_node' with type 'ros.ament_cmake' and name 'turtlebot3_fake_node'
[0.847s] Level 1:colcon.colcon_core.package_identification:_identify(turtlebot3_gazebo) by extensions ['ignore', 'ignore_ament_install']
[0.848s] Level 1:colcon.colcon_core.package_identification:_identify(turtlebot3_gazebo) by extension 'ignore'
[0.848s] Level 1:colcon.colcon_core.package_identification:_identify(turtlebot3_gazebo) by extension 'ignore_ament_install'
[0.848s] Level 1:colcon.colcon_core.package_identification:_identify(turtlebot3_gazebo) by extensions ['colcon_pkg']
[0.848s] Level 1:colcon.colcon_core.package_identification:_identify(turtlebot3_gazebo) by extension 'colcon_pkg'
[0.848s] Level 1:colcon.colcon_core.package_identification:_identify(turtlebot3_gazebo) by extensions ['colcon_meta']
[0.848s] Level 1:colcon.colcon_core.package_identification:_identify(turtlebot3_gazebo) by extension 'colcon_meta'
[0.848s] Level 1:colcon.colcon_core.package_identification:_identify(turtlebot3_gazebo) by extensions ['ros']
[0.848s] Level 1:colcon.colcon_core.package_identification:_identify(turtlebot3_gazebo) by extension 'ros'
[0.849s] DEBUG:colcon.colcon_core.package_identification:Package 'turtlebot3_gazebo' with type 'ros.ament_cmake' and name 'turtlebot3_gazebo'
[0.849s] Level 1:colcon.colcon_core.package_identification:_identify(turtlebot3_simulations) by extensions ['ignore', 'ignore_ament_install']
[0.849s] Level 1:colcon.colcon_core.package_identification:_identify(turtlebot3_simulations) by extension 'ignore'
[0.849s] Level 1:colcon.colcon_core.package_identification:_identify(turtlebot3_simulations) by extension 'ignore_ament_install'
[0.849s] Level 1:colcon.colcon_core.package_identification:_identify(turtlebot3_simulations) by extensions ['colcon_pkg']
[0.849s] Level 1:colcon.colcon_core.package_identification:_identify(turtlebot3_simulations) by extension 'colcon_pkg'
[0.849s] Level 1:colcon.colcon_core.package_identification:_identify(turtlebot3_simulations) by extensions ['colcon_meta']
[0.849s] Level 1:colcon.colcon_core.package_identification:_identify(turtlebot3_simulations) by extension 'colcon_meta'
[0.849s] Level 1:colcon.colcon_core.package_identification:_identify(turtlebot3_simulations) by extensions ['ros']
[0.849s] Level 1:colcon.colcon_core.package_identification:_identify(turtlebot3_simulations) by extension 'ros'
[0.850s] DEBUG:colcon.colcon_core.package_identification:Package 'turtlebot3_simulations' with type 'ros.ament_cmake' and name 'turtlebot3_simulations'
[0.850s] Level 1:colcon.colcon_core.package_discovery:discover_packages(recursive) using defaults
[0.850s] Level 1:colcon.colcon_core.package_discovery:discover_packages(ignore) discover
[0.850s] Level 1:colcon.colcon_core.package_discovery:discover_packages(ignore) using defaults
[0.850s] Level 1:colcon.colcon_core.package_discovery:discover_packages(path) discover
[0.850s] Level 1:colcon.colcon_core.package_discovery:discover_packages(path) using defaults
[0.923s] Level 1:colcon.colcon_core.package_discovery:discover_packages(prefix_path) check parameters
[0.924s] Level 1:colcon.colcon_core.package_discovery:discover_packages(prefix_path) discover
[0.934s] Level 1:colcon.colcon_core.package_discovery:discover_packages(prefix_path) using defaults
[0.956s] Level 5:colcon.colcon_core.verb:set package 'my_robot_controller' build argument 'cmake_args' from command line to 'None'
[0.956s] Level 5:colcon.colcon_core.verb:set package 'my_robot_controller' build argument 'cmake_target' from command line to 'None'
[0.956s] Level 5:colcon.colcon_core.verb:set package 'my_robot_controller' build argument 'cmake_target_skip_unavailable' from command line to 'False'
[0.956s] Level 5:colcon.colcon_core.verb:set package 'my_robot_controller' build argument 'cmake_clean_cache' from command line to 'False'
[0.956s] Level 5:colcon.colcon_core.verb:set package 'my_robot_controller' build argument 'cmake_clean_first' from command line to 'False'
[0.956s] Level 5:colcon.colcon_core.verb:set package 'my_robot_controller' build argument 'cmake_force_configure' from command line to 'False'
[0.956s] Level 5:colcon.colcon_core.verb:set package 'my_robot_controller' build argument 'ament_cmake_args' from command line to 'None'
[0.956s] Level 5:colcon.colcon_core.verb:set package 'my_robot_controller' build argument 'catkin_cmake_args' from command line to 'None'
[0.956s] Level 5:colcon.colcon_core.verb:set package 'my_robot_controller' build argument 'catkin_skip_building_tests' from command line to 'False'
[0.956s] DEBUG:colcon.colcon_core.verb:Building package 'my_robot_controller' with the following arguments: {'ament_cmake_args': None, 'build_base': '/home/elee02/ros2_ws/src/build/my_robot_controller', 'catkin_cmake_args': None, 'catkin_skip_building_tests': False, 'cmake_args': None, 'cmake_clean_cache': False, 'cmake_clean_first': False, 'cmake_force_configure': False, 'cmake_target': None, 'cmake_target_skip_unavailable': False, 'install_base': '/home/elee02/ros2_ws/src/install/my_robot_controller', 'merge_install': False, 'path': '/home/elee02/ros2_ws/src/my_robot_controller', 'symlink_install': False, 'test_result_base': None}
[0.966s] Level 5:colcon.colcon_core.verb:set package 'turtlebot3_fake_node' build argument 'cmake_args' from command line to 'None'
[0.966s] Level 5:colcon.colcon_core.verb:set package 'turtlebot3_fake_node' build argument 'cmake_target' from command line to 'None'
[0.966s] Level 5:colcon.colcon_core.verb:set package 'turtlebot3_fake_node' build argument 'cmake_target_skip_unavailable' from command line to 'False'
[0.966s] Level 5:colcon.colcon_core.verb:set package 'turtlebot3_fake_node' build argument 'cmake_clean_cache' from command line to 'False'
[0.966s] Level 5:colcon.colcon_core.verb:set package 'turtlebot3_fake_node' build argument 'cmake_clean_first' from command line to 'False'
[0.966s] Level 5:colcon.colcon_core.verb:set package 'turtlebot3_fake_node' build argument 'cmake_force_configure' from command line to 'False'
[0.966s] Level 5:colcon.colcon_core.verb:set package 'turtlebot3_fake_node' build argument 'ament_cmake_args' from command line to 'None'
[0.966s] Level 5:colcon.colcon_core.verb:set package 'turtlebot3_fake_node' build argument 'catkin_cmake_args' from command line to 'None'
[0.966s] Level 5:colcon.colcon_core.verb:set package 'turtlebot3_fake_node' build argument 'catkin_skip_building_tests' from command line to 'False'
[0.967s] DEBUG:colcon.colcon_core.verb:Building package 'turtlebot3_fake_node' with the following arguments: {'ament_cmake_args': None, 'build_base': '/home/elee02/ros2_ws/src/build/turtlebot3_fake_node', 'catkin_cmake_args': None, 'catkin_skip_building_tests': False, 'cmake_args': None, 'cmake_clean_cache': False, 'cmake_clean_first': False, 'cmake_force_configure': False, 'cmake_target': None, 'cmake_target_skip_unavailable': False, 'install_base': '/home/elee02/ros2_ws/src/install/turtlebot3_fake_node', 'merge_install': False, 'path': '/home/elee02/ros2_ws/src/turtlebot3_fake_node', 'symlink_install': False, 'test_result_base': None}
[0.977s] Level 5:colcon.colcon_core.verb:set package 'turtlebot3_gazebo' build argument 'cmake_args' from command line to 'None'
[0.977s] Level 5:colcon.colcon_core.verb:set package 'turtlebot3_gazebo' build argument 'cmake_target' from command line to 'None'
[0.977s] Level 5:colcon.colcon_core.verb:set package 'turtlebot3_gazebo' build argument 'cmake_target_skip_unavailable' from command line to 'False'
[0.977s] Level 5:colcon.colcon_core.verb:set package 'turtlebot3_gazebo' build argument 'cmake_clean_cache' from command line to 'False'
[0.977s] Level 5:colcon.colcon_core.verb:set package 'turtlebot3_gazebo' build argument 'cmake_clean_first' from command line to 'False'
[0.977s] Level 5:colcon.colcon_core.verb:set package 'turtlebot3_gazebo' build argument 'cmake_force_configure' from command line to 'False'
[0.977s] Level 5:colcon.colcon_core.verb:set package 'turtlebot3_gazebo' build argument 'ament_cmake_args' from command line to 'None'
[0.977s] Level 5:colcon.colcon_core.verb:set package 'turtlebot3_gazebo' build argument 'catkin_cmake_args' from command line to 'None'
[0.977s] Level 5:colcon.colcon_core.verb:set package 'turtlebot3_gazebo' build argument 'catkin_skip_building_tests' from command line to 'False'
[0.977s] DEBUG:colcon.colcon_core.verb:Building package 'turtlebot3_gazebo' with the following arguments: {'ament_cmake_args': None, 'build_base': '/home/elee02/ros2_ws/src/build/turtlebot3_gazebo', 'catkin_cmake_args': None, 'catkin_skip_building_tests': False, 'cmake_args': None, 'cmake_clean_cache': False, 'cmake_clean_first': False, 'cmake_force_configure': False, 'cmake_target': None, 'cmake_target_skip_unavailable': False, 'install_base': '/home/elee02/ros2_ws/src/install/turtlebot3_gazebo', 'merge_install': False, 'path': '/home/elee02/ros2_ws/src/turtlebot3_gazebo', 'symlink_install': False, 'test_result_base': None}
[0.987s] Level 5:colcon.colcon_core.verb:set package 'turtlebot3_simulations' build argument 'cmake_args' from command line to 'None'
[0.988s] Level 5:colcon.colcon_core.verb:set package 'turtlebot3_simulations' build argument 'cmake_target' from command line to 'None'
[0.988s] Level 5:colcon.colcon_core.verb:set package 'turtlebot3_simulations' build argument 'cmake_target_skip_unavailable' from command line to 'False'
[0.988s] Level 5:colcon.colcon_core.verb:set package 'turtlebot3_simulations' build argument 'cmake_clean_cache' from command line to 'False'
[0.988s] Level 5:colcon.colcon_core.verb:set package 'turtlebot3_simulations' build argument 'cmake_clean_first' from command line to 'False'
[0.988s] Level 5:colcon.colcon_core.verb:set package 'turtlebot3_simulations' build argument 'cmake_force_configure' from command line to 'False'
[0.988s] Level 5:colcon.colcon_core.verb:set package 'turtlebot3_simulations' build argument 'ament_cmake_args' from command line to 'None'
[0.988s] Level 5:colcon.colcon_core.verb:set package 'turtlebot3_simulations' build argument 'catkin_cmake_args' from command line to 'None'
[0.988s] Level 5:colcon.colcon_core.verb:set package 'turtlebot3_simulations' build argument 'catkin_skip_building_tests' from command line to 'False'
[0.988s] DEBUG:colcon.colcon_core.verb:Building package 'turtlebot3_simulations' with the following arguments: {'ament_cmake_args': None, 'build_base': '/home/elee02/ros2_ws/src/build/turtlebot3_simulations', 'catkin_cmake_args': None, 'catkin_skip_building_tests': False, 'cmake_args': None, 'cmake_clean_cache': False, 'cmake_clean_first': False, 'cmake_force_configure': False, 'cmake_target': None, 'cmake_target_skip_unavailable': False, 'install_base': '/home/elee02/ros2_ws/src/install/turtlebot3_simulations', 'merge_install': False, 'path': '/home/elee02/ros2_ws/src/turtlebot3_simulations', 'symlink_install': False, 'test_result_base': None}
[0.998s] INFO:colcon.colcon_core.executor:Executing jobs using 'parallel' executor
[1.009s] DEBUG:colcon.colcon_parallel_executor.executor.parallel:run_until_complete
[1.009s] INFO:colcon.colcon_ros.task.ament_cmake.build:Building ROS package in '/home/elee02/ros2_ws/src/turtlebot3_fake_node' with build type 'ament_cmake'
[1.009s] INFO:colcon.colcon_cmake.task.cmake.build:Building CMake package in '/home/elee02/ros2_ws/src/turtlebot3_fake_node'
[1.022s] INFO:colcon.colcon_core.plugin_system:Skipping extension 'colcon_core.shell.bat': Not used on non-Windows systems
[1.022s] INFO:colcon.colcon_core.shell:Skip shell extension 'powershell' for command environment: Not usable outside of PowerShell
[1.023s] DEBUG:colcon.colcon_core.shell:Skip shell extension 'dsv' for command environment
[1.034s] INFO:colcon.colcon_ros.task.ament_cmake.build:Building ROS package in '/home/elee02/ros2_ws/src/turtlebot3_gazebo' with build type 'ament_cmake'
[1.034s] INFO:colcon.colcon_cmake.task.cmake.build:Building CMake package in '/home/elee02/ros2_ws/src/turtlebot3_gazebo'
[1.046s] INFO:colcon.colcon_core.shell:Skip shell extension 'powershell' for command environment: Not usable outside of PowerShell
[1.046s] DEBUG:colcon.colcon_core.shell:Skip shell extension 'dsv' for command environment
[1.057s] INFO:colcon.colcon_ros.task.ament_python.build:Building ROS package in '/home/elee02/ros2_ws/src/my_robot_controller' with build type 'ament_python'
[1.057s] Level 1:colcon.colcon_core.shell:create_environment_hook('my_robot_controller', 'ament_prefix_path')
[1.068s] INFO:colcon.colcon_core.shell:Creating environment hook '/home/elee02/ros2_ws/src/install/my_robot_controller/share/my_robot_controller/hook/ament_prefix_path.ps1'
[1.069s] INFO:colcon.colcon_core.shell:Creating environment descriptor '/home/elee02/ros2_ws/src/install/my_robot_controller/share/my_robot_controller/hook/ament_prefix_path.dsv'
[1.070s] INFO:colcon.colcon_core.shell:Creating environment hook '/home/elee02/ros2_ws/src/install/my_robot_controller/share/my_robot_controller/hook/ament_prefix_path.sh'
[1.081s] INFO:colcon.colcon_core.shell:Skip shell extension 'powershell' for command environment: Not usable outside of PowerShell
[1.081s] DEBUG:colcon.colcon_core.shell:Skip shell extension 'dsv' for command environment
[1.104s] DEBUG:colcon.colcon_core.event_handler.log_command:Invoking command in '/home/elee02/ros2_ws/src/build/turtlebot3_fake_node': /usr/bin/cmake --build /home/elee02/ros2_ws/src/build/turtlebot3_fake_node -- -j8 -l8
[1.108s] DEBUG:colcon.colcon_core.event_handler.log_command:Invoking command in '/home/elee02/ros2_ws/src/build/turtlebot3_gazebo': /usr/bin/cmake --build /home/elee02/ros2_ws/src/build/turtlebot3_gazebo -- -j8 -l8
[1.313s] INFO:colcon.colcon_core.task.python.build:Building Python package in '/home/elee02/ros2_ws/src/my_robot_controller'
[1.324s] INFO:colcon.colcon_core.shell:Skip shell extension 'powershell' for command environment: Not usable outside of PowerShell
[1.324s] DEBUG:colcon.colcon_core.shell:Skip shell extension 'dsv' for command environment
[1.338s] DEBUG:colcon.colcon_core.event_handler.log_command:Invoked command in '/home/elee02/ros2_ws/src/build/turtlebot3_fake_node' returned '0': /usr/bin/cmake --build /home/elee02/ros2_ws/src/build/turtlebot3_fake_node -- -j8 -l8
[1.340s] DEBUG:colcon.colcon_core.event_handler.log_command:Invoked command in '/home/elee02/ros2_ws/src/build/turtlebot3_gazebo' returned '0': /usr/bin/cmake --build /home/elee02/ros2_ws/src/build/turtlebot3_gazebo -- -j8 -l8
[1.371s] DEBUG:colcon.colcon_core.event_handler.log_command:Invoking command in '/home/elee02/ros2_ws/src/build/turtlebot3_fake_node': /usr/bin/cmake --install /home/elee02/ros2_ws/src/build/turtlebot3_fake_node
[1.373s] DEBUG:colcon.colcon_core.event_handler.log_command:Invoking command in '/home/elee02/ros2_ws/src/build/turtlebot3_gazebo': /usr/bin/cmake --install /home/elee02/ros2_ws/src/build/turtlebot3_gazebo
[1.384s] Level 1:colcon.colcon_core.environment:create_environment_scripts_only(turtlebot3_fake_node)
[1.407s] DEBUG:colcon.colcon_core.event_handler.log_command:Invoked command in '/home/elee02/ros2_ws/src/build/turtlebot3_fake_node' returned '0': /usr/bin/cmake --install /home/elee02/ros2_ws/src/build/turtlebot3_fake_node
[1.423s] Level 1:colcon.colcon_core.environment:checking '/home/elee02/ros2_ws/src/install/turtlebot3_fake_node' for CMake module files
[1.424s] Level 1:colcon.colcon_core.environment:checking '/home/elee02/ros2_ws/src/install/turtlebot3_fake_node' for CMake config files
[1.425s] Level 1:colcon.colcon_core.shell:create_environment_hook('turtlebot3_fake_node', 'cmake_prefix_path')
[1.445s] INFO:colcon.colcon_core.shell:Creating environment hook '/home/elee02/ros2_ws/src/install/turtlebot3_fake_node/share/turtlebot3_fake_node/hook/cmake_prefix_path.ps1'
[1.446s] INFO:colcon.colcon_core.shell:Creating environment descriptor '/home/elee02/ros2_ws/src/install/turtlebot3_fake_node/share/turtlebot3_fake_node/hook/cmake_prefix_path.dsv'
[1.446s] INFO:colcon.colcon_core.shell:Creating environment hook '/home/elee02/ros2_ws/src/install/turtlebot3_fake_node/share/turtlebot3_fake_node/hook/cmake_prefix_path.sh'
[1.447s] Level 1:colcon.colcon_core.environment:checking '/home/elee02/ros2_ws/src/install/turtlebot3_fake_node/lib'
[1.448s] Level 1:colcon.colcon_core.environment:checking '/home/elee02/ros2_ws/src/install/turtlebot3_fake_node/bin'
[1.448s] Level 1:colcon.colcon_core.environment:checking '/home/elee02/ros2_ws/src/install/turtlebot3_fake_node/lib/pkgconfig/turtlebot3_fake_node.pc'
[1.448s] Level 1:colcon.colcon_core.environment:checking '/home/elee02/ros2_ws/src/install/turtlebot3_fake_node/lib/python3.10/site-packages'
[1.449s] Level 1:colcon.colcon_core.environment:checking '/home/elee02/ros2_ws/src/install/turtlebot3_fake_node/bin'
[1.473s] INFO:colcon.colcon_core.shell:Creating package script '/home/elee02/ros2_ws/src/install/turtlebot3_fake_node/share/turtlebot3_fake_node/package.ps1'
[1.475s] INFO:colcon.colcon_core.shell:Creating package descriptor '/home/elee02/ros2_ws/src/install/turtlebot3_fake_node/share/turtlebot3_fake_node/package.dsv'
[1.476s] INFO:colcon.colcon_core.shell:Creating package script '/home/elee02/ros2_ws/src/install/turtlebot3_fake_node/share/turtlebot3_fake_node/package.sh'
[1.478s] INFO:colcon.colcon_core.shell:Creating package script '/home/elee02/ros2_ws/src/install/turtlebot3_fake_node/share/turtlebot3_fake_node/package.bash'
[1.480s] INFO:colcon.colcon_core.shell:Creating package script '/home/elee02/ros2_ws/src/install/turtlebot3_fake_node/share/turtlebot3_fake_node/package.zsh'
[1.482s] Level 1:colcon.colcon_core.environment:create_file_with_runtime_dependencies(/home/elee02/ros2_ws/src/install/turtlebot3_fake_node/share/colcon-core/packages/turtlebot3_fake_node)
[1.485s] Level 1:colcon.colcon_core.environment:create_environment_scripts_only(turtlebot3_gazebo)
[1.486s] DEBUG:colcon.colcon_core.event_handler.log_command:Invoked command in '/home/elee02/ros2_ws/src/build/turtlebot3_gazebo' returned '0': /usr/bin/cmake --install /home/elee02/ros2_ws/src/build/turtlebot3_gazebo
[1.503s] Level 1:colcon.colcon_core.environment:checking '/home/elee02/ros2_ws/src/install/turtlebot3_gazebo' for CMake module files
[1.504s] Level 1:colcon.colcon_core.environment:checking '/home/elee02/ros2_ws/src/install/turtlebot3_gazebo' for CMake config files
[1.505s] Level 1:colcon.colcon_core.shell:create_environment_hook('turtlebot3_gazebo', 'cmake_prefix_path')
[1.533s] INFO:colcon.colcon_core.shell:Creating environment hook '/home/elee02/ros2_ws/src/install/turtlebot3_gazebo/share/turtlebot3_gazebo/hook/cmake_prefix_path.ps1'
[1.534s] INFO:colcon.colcon_core.shell:Creating environment descriptor '/home/elee02/ros2_ws/src/install/turtlebot3_gazebo/share/turtlebot3_gazebo/hook/cmake_prefix_path.dsv'
[1.534s] INFO:colcon.colcon_core.shell:Creating environment hook '/home/elee02/ros2_ws/src/install/turtlebot3_gazebo/share/turtlebot3_gazebo/hook/cmake_prefix_path.sh'
[1.535s] Level 1:colcon.colcon_core.environment:checking '/home/elee02/ros2_ws/src/install/turtlebot3_gazebo/lib'
[1.535s] Level 1:colcon.colcon_core.environment:checking '/home/elee02/ros2_ws/src/install/turtlebot3_gazebo/bin'
[1.535s] Level 1:colcon.colcon_core.environment:checking '/home/elee02/ros2_ws/src/install/turtlebot3_gazebo/lib/pkgconfig/turtlebot3_gazebo.pc'
[1.536s] Level 1:colcon.colcon_core.environment:checking '/home/elee02/ros2_ws/src/install/turtlebot3_gazebo/lib/python3.10/site-packages'
[1.536s] Level 1:colcon.colcon_core.environment:checking '/home/elee02/ros2_ws/src/install/turtlebot3_gazebo/bin'
[1.553s] INFO:colcon.colcon_core.shell:Creating package script '/home/elee02/ros2_ws/src/install/turtlebot3_gazebo/share/turtlebot3_gazebo/package.ps1'
[1.553s] INFO:colcon.colcon_core.shell:Creating package descriptor '/home/elee02/ros2_ws/src/install/turtlebot3_gazebo/share/turtlebot3_gazebo/package.dsv'
[1.554s] INFO:colcon.colcon_core.shell:Creating package script '/home/elee02/ros2_ws/src/install/turtlebot3_gazebo/share/turtlebot3_gazebo/package.sh'
[1.554s] INFO:colcon.colcon_core.shell:Creating package script '/home/elee02/ros2_ws/src/install/turtlebot3_gazebo/share/turtlebot3_gazebo/package.bash'
[1.555s] INFO:colcon.colcon_core.shell:Creating package script '/home/elee02/ros2_ws/src/install/turtlebot3_gazebo/share/turtlebot3_gazebo/package.zsh'
[1.555s] Level 1:colcon.colcon_core.environment:create_file_with_runtime_dependencies(/home/elee02/ros2_ws/src/install/turtlebot3_gazebo/share/colcon-core/packages/turtlebot3_gazebo)
[1.570s] Level 1:colcon.colcon_core.environment:create_environment_scripts_only(turtlebot3_fake_node)
[1.581s] Level 1:colcon.colcon_core.environment:checking '/home/elee02/ros2_ws/src/install/turtlebot3_fake_node' for CMake module files
[1.581s] Level 1:colcon.colcon_core.environment:checking '/home/elee02/ros2_ws/src/install/turtlebot3_fake_node' for CMake config files
[1.581s] Level 1:colcon.colcon_core.shell:create_environment_hook('turtlebot3_fake_node', 'cmake_prefix_path')
[1.593s] INFO:colcon.colcon_core.shell:Creating environment hook '/home/elee02/ros2_ws/src/install/turtlebot3_fake_node/share/turtlebot3_fake_node/hook/cmake_prefix_path.ps1'
[1.593s] INFO:colcon.colcon_core.shell:Creating environment descriptor '/home/elee02/ros2_ws/src/install/turtlebot3_fake_node/share/turtlebot3_fake_node/hook/cmake_prefix_path.dsv'
[1.594s] INFO:colcon.colcon_core.shell:Creating environment hook '/home/elee02/ros2_ws/src/install/turtlebot3_fake_node/share/turtlebot3_fake_node/hook/cmake_prefix_path.sh'
[1.594s] Level 1:colcon.colcon_core.environment:checking '/home/elee02/ros2_ws/src/install/turtlebot3_fake_node/lib'
[1.594s] Level 1:colcon.colcon_core.environment:checking '/home/elee02/ros2_ws/src/install/turtlebot3_fake_node/bin'
[1.594s] Level 1:colcon.colcon_core.environment:checking '/home/elee02/ros2_ws/src/install/turtlebot3_fake_node/lib/pkgconfig/turtlebot3_fake_node.pc'
[1.595s] Level 1:colcon.colcon_core.environment:checking '/home/elee02/ros2_ws/src/install/turtlebot3_fake_node/lib/python3.10/site-packages'
[1.595s] Level 1:colcon.colcon_core.environment:checking '/home/elee02/ros2_ws/src/install/turtlebot3_fake_node/bin'
[1.606s] INFO:colcon.colcon_core.shell:Creating package script '/home/elee02/ros2_ws/src/install/turtlebot3_fake_node/share/turtlebot3_fake_node/package.ps1'
[1.606s] INFO:colcon.colcon_core.shell:Creating package descriptor '/home/elee02/ros2_ws/src/install/turtlebot3_fake_node/share/turtlebot3_fake_node/package.dsv'
[1.607s] INFO:colcon.colcon_core.shell:Creating package script '/home/elee02/ros2_ws/src/install/turtlebot3_fake_node/share/turtlebot3_fake_node/package.sh'
[1.607s] INFO:colcon.colcon_core.shell:Creating package script '/home/elee02/ros2_ws/src/install/turtlebot3_fake_node/share/turtlebot3_fake_node/package.bash'
[1.608s] INFO:colcon.colcon_core.shell:Creating package script '/home/elee02/ros2_ws/src/install/turtlebot3_fake_node/share/turtlebot3_fake_node/package.zsh'
[1.608s] Level 1:colcon.colcon_core.environment:create_file_with_runtime_dependencies(/home/elee02/ros2_ws/src/install/turtlebot3_fake_node/share/colcon-core/packages/turtlebot3_fake_node)
[1.620s] Level 1:colcon.colcon_core.environment:create_environment_scripts_only(turtlebot3_gazebo)
[1.632s] Level 1:colcon.colcon_core.environment:checking '/home/elee02/ros2_ws/src/install/turtlebot3_gazebo' for CMake module files
[1.633s] Level 1:colcon.colcon_core.environment:checking '/home/elee02/ros2_ws/src/install/turtlebot3_gazebo' for CMake config files
[1.633s] Level 1:colcon.colcon_core.shell:create_environment_hook('turtlebot3_gazebo', 'cmake_prefix_path')
[1.644s] INFO:colcon.colcon_core.shell:Creating environment hook '/home/elee02/ros2_ws/src/install/turtlebot3_gazebo/share/turtlebot3_gazebo/hook/cmake_prefix_path.ps1'
[1.645s] INFO:colcon.colcon_core.shell:Creating environment descriptor '/home/elee02/ros2_ws/src/install/turtlebot3_gazebo/share/turtlebot3_gazebo/hook/cmake_prefix_path.dsv'
[1.645s] INFO:colcon.colcon_core.shell:Creating environment hook '/home/elee02/ros2_ws/src/install/turtlebot3_gazebo/share/turtlebot3_gazebo/hook/cmake_prefix_path.sh'
[1.646s] Level 1:colcon.colcon_core.environment:checking '/home/elee02/ros2_ws/src/install/turtlebot3_gazebo/lib'
[1.646s] Level 1:colcon.colcon_core.environment:checking '/home/elee02/ros2_ws/src/install/turtlebot3_gazebo/bin'
[1.646s] Level 1:colcon.colcon_core.environment:checking '/home/elee02/ros2_ws/src/install/turtlebot3_gazebo/lib/pkgconfig/turtlebot3_gazebo.pc'
[1.646s] Level 1:colcon.colcon_core.environment:checking '/home/elee02/ros2_ws/src/install/turtlebot3_gazebo/lib/python3.10/site-packages'
[1.647s] Level 1:colcon.colcon_core.environment:checking '/home/elee02/ros2_ws/src/install/turtlebot3_gazebo/bin'
[1.657s] INFO:colcon.colcon_core.shell:Creating package script '/home/elee02/ros2_ws/src/install/turtlebot3_gazebo/share/turtlebot3_gazebo/package.ps1'
[1.657s] INFO:colcon.colcon_core.shell:Creating package descriptor '/home/elee02/ros2_ws/src/install/turtlebot3_gazebo/share/turtlebot3_gazebo/package.dsv'
[1.658s] INFO:colcon.colcon_core.shell:Creating package script '/home/elee02/ros2_ws/src/install/turtlebot3_gazebo/share/turtlebot3_gazebo/package.sh'
[1.659s] INFO:colcon.colcon_core.shell:Creating package script '/home/elee02/ros2_ws/src/install/turtlebot3_gazebo/share/turtlebot3_gazebo/package.bash'
[1.659s] INFO:colcon.colcon_core.shell:Creating package script '/home/elee02/ros2_ws/src/install/turtlebot3_gazebo/share/turtlebot3_gazebo/package.zsh'
[1.660s] Level 1:colcon.colcon_core.environment:create_file_with_runtime_dependencies(/home/elee02/ros2_ws/src/install/turtlebot3_gazebo/share/colcon-core/packages/turtlebot3_gazebo)
[1.660s] INFO:colcon.colcon_ros.task.ament_cmake.build:Building ROS package in '/home/elee02/ros2_ws/src/turtlebot3_simulations' with build type 'ament_cmake'
[1.660s] INFO:colcon.colcon_cmake.task.cmake.build:Building CMake package in '/home/elee02/ros2_ws/src/turtlebot3_simulations'
[1.672s] INFO:colcon.colcon_core.shell:Skip shell extension 'powershell' for command environment: Not usable outside of PowerShell
[1.672s] DEBUG:colcon.colcon_core.shell:Skip shell extension 'dsv' for command environment
[1.689s] DEBUG:colcon.colcon_core.event_handler.log_command:Invoking command in '/home/elee02/ros2_ws/src/build/turtlebot3_simulations': AMENT_PREFIX_PATH=/home/elee02/ros2_ws/src/install/turtlebot3_gazebo:/home/elee02/ros2_ws/src/install/turtlebot3_fake_node CMAKE_PREFIX_PATH=/home/elee02/ros2_ws/src/install/turtlebot3_gazebo:/home/elee02/ros2_ws/src/install/turtlebot3_fake_node /usr/bin/cmake --build /home/elee02/ros2_ws/src/build/turtlebot3_simulations -- -j8 -l8
[1.723s] DEBUG:colcon.colcon_core.event_handler.log_command:Invoked command in '/home/elee02/ros2_ws/src/build/turtlebot3_simulations' returned '0': AMENT_PREFIX_PATH=/home/elee02/ros2_ws/src/install/turtlebot3_gazebo:/home/elee02/ros2_ws/src/install/turtlebot3_fake_node CMAKE_PREFIX_PATH=/home/elee02/ros2_ws/src/install/turtlebot3_gazebo:/home/elee02/ros2_ws/src/install/turtlebot3_fake_node /usr/bin/cmake --build /home/elee02/ros2_ws/src/build/turtlebot3_simulations -- -j8 -l8
[1.743s] DEBUG:colcon.colcon_core.event_handler.log_command:Invoking command in '/home/elee02/ros2_ws/src/build/turtlebot3_simulations': AMENT_PREFIX_PATH=/home/elee02/ros2_ws/src/install/turtlebot3_gazebo:/home/elee02/ros2_ws/src/install/turtlebot3_fake_node CMAKE_PREFIX_PATH=/home/elee02/ros2_ws/src/install/turtlebot3_gazebo:/home/elee02/ros2_ws/src/install/turtlebot3_fake_node /usr/bin/cmake --install /home/elee02/ros2_ws/src/build/turtlebot3_simulations
[1.753s] Level 1:colcon.colcon_core.environment:create_environment_scripts_only(turtlebot3_simulations)
[1.754s] DEBUG:colcon.colcon_core.event_handler.log_command:Invoked command in '/home/elee02/ros2_ws/src/build/turtlebot3_simulations' returned '0': AMENT_PREFIX_PATH=/home/elee02/ros2_ws/src/install/turtlebot3_gazebo:/home/elee02/ros2_ws/src/install/turtlebot3_fake_node CMAKE_PREFIX_PATH=/home/elee02/ros2_ws/src/install/turtlebot3_gazebo:/home/elee02/ros2_ws/src/install/turtlebot3_fake_node /usr/bin/cmake --install /home/elee02/ros2_ws/src/build/turtlebot3_simulations
[1.767s] Level 1:colcon.colcon_core.environment:checking '/home/elee02/ros2_ws/src/install/turtlebot3_simulations' for CMake module files
[1.768s] Level 1:colcon.colcon_core.environment:checking '/home/elee02/ros2_ws/src/install/turtlebot3_simulations' for CMake config files
[1.768s] Level 1:colcon.colcon_core.shell:create_environment_hook('turtlebot3_simulations', 'cmake_prefix_path')
[1.779s] INFO:colcon.colcon_core.shell:Creating environment hook '/home/elee02/ros2_ws/src/install/turtlebot3_simulations/share/turtlebot3_simulations/hook/cmake_prefix_path.ps1'
[1.779s] INFO:colcon.colcon_core.shell:Creating environment descriptor '/home/elee02/ros2_ws/src/install/turtlebot3_simulations/share/turtlebot3_simulations/hook/cmake_prefix_path.dsv'
[1.780s] INFO:colcon.colcon_core.shell:Creating environment hook '/home/elee02/ros2_ws/src/install/turtlebot3_simulations/share/turtlebot3_simulations/hook/cmake_prefix_path.sh'
[1.780s] Level 1:colcon.colcon_core.environment:checking '/home/elee02/ros2_ws/src/install/turtlebot3_simulations/bin'
[1.780s] Level 1:colcon.colcon_core.environment:checking '/home/elee02/ros2_ws/src/install/turtlebot3_simulations/lib/pkgconfig/turtlebot3_simulations.pc'
[1.781s] Level 1:colcon.colcon_core.environment:checking '/home/elee02/ros2_ws/src/install/turtlebot3_simulations/lib/python3.10/site-packages'
[1.781s] Level 1:colcon.colcon_core.environment:checking '/home/elee02/ros2_ws/src/install/turtlebot3_simulations/bin'
[1.792s] INFO:colcon.colcon_core.shell:Creating package script '/home/elee02/ros2_ws/src/install/turtlebot3_simulations/share/turtlebot3_simulations/package.ps1'
[1.793s] INFO:colcon.colcon_core.shell:Creating package descriptor '/home/elee02/ros2_ws/src/install/turtlebot3_simulations/share/turtlebot3_simulations/package.dsv'
[1.793s] INFO:colcon.colcon_core.shell:Creating package script '/home/elee02/ros2_ws/src/install/turtlebot3_simulations/share/turtlebot3_simulations/package.sh'
[1.794s] INFO:colcon.colcon_core.shell:Creating package script '/home/elee02/ros2_ws/src/install/turtlebot3_simulations/share/turtlebot3_simulations/package.bash'
[1.794s] INFO:colcon.colcon_core.shell:Creating package script '/home/elee02/ros2_ws/src/install/turtlebot3_simulations/share/turtlebot3_simulations/package.zsh'
[1.795s] Level 1:colcon.colcon_core.environment:create_file_with_runtime_dependencies(/home/elee02/ros2_ws/src/install/turtlebot3_simulations/share/colcon-core/packages/turtlebot3_simulations)
[1.826s] Level 1:colcon.colcon_core.environment:create_environment_scripts_only(turtlebot3_simulations)
[1.837s] Level 1:colcon.colcon_core.environment:checking '/home/elee02/ros2_ws/src/install/turtlebot3_simulations' for CMake module files
[1.837s] Level 1:colcon.colcon_core.environment:checking '/home/elee02/ros2_ws/src/install/turtlebot3_simulations' for CMake config files
[1.837s] Level 1:colcon.colcon_core.shell:create_environment_hook('turtlebot3_simulations', 'cmake_prefix_path')
[1.850s] INFO:colcon.colcon_core.shell:Creating environment hook '/home/elee02/ros2_ws/src/install/turtlebot3_simulations/share/turtlebot3_simulations/hook/cmake_prefix_path.ps1'
[1.850s] INFO:colcon.colcon_core.shell:Creating environment descriptor '/home/elee02/ros2_ws/src/install/turtlebot3_simulations/share/turtlebot3_simulations/hook/cmake_prefix_path.dsv'
[1.851s] INFO:colcon.colcon_core.shell:Creating environment hook '/home/elee02/ros2_ws/src/install/turtlebot3_simulations/share/turtlebot3_simulations/hook/cmake_prefix_path.sh'
[1.851s] Level 1:colcon.colcon_core.environment:checking '/home/elee02/ros2_ws/src/install/turtlebot3_simulations/bin'
[1.851s] Level 1:colcon.colcon_core.environment:checking '/home/elee02/ros2_ws/src/install/turtlebot3_simulations/lib/pkgconfig/turtlebot3_simulations.pc'
[1.852s] Level 1:colcon.colcon_core.environment:checking '/home/elee02/ros2_ws/src/install/turtlebot3_simulations/lib/python3.10/site-packages'
[1.852s] Level 1:colcon.colcon_core.environment:checking '/home/elee02/ros2_ws/src/install/turtlebot3_simulations/bin'
[1.863s] INFO:colcon.colcon_core.shell:Creating package script '/home/elee02/ros2_ws/src/install/turtlebot3_simulations/share/turtlebot3_simulations/package.ps1'
[1.863s] INFO:colcon.colcon_core.shell:Creating package descriptor '/home/elee02/ros2_ws/src/install/turtlebot3_simulations/share/turtlebot3_simulations/package.dsv'
[1.864s] INFO:colcon.colcon_core.shell:Creating package script '/home/elee02/ros2_ws/src/install/turtlebot3_simulations/share/turtlebot3_simulations/package.sh'
[1.864s] INFO:colcon.colcon_core.shell:Creating package script '/home/elee02/ros2_ws/src/install/turtlebot3_simulations/share/turtlebot3_simulations/package.bash'
[1.865s] INFO:colcon.colcon_core.shell:Creating package script '/home/elee02/ros2_ws/src/install/turtlebot3_simulations/share/turtlebot3_simulations/package.zsh'
[1.866s] Level 1:colcon.colcon_core.environment:create_file_with_runtime_dependencies(/home/elee02/ros2_ws/src/install/turtlebot3_simulations/share/colcon-core/packages/turtlebot3_simulations)
[1.884s] DEBUG:colcon.colcon_core.event_handler.log_command:Invoking command in '/home/elee02/ros2_ws/src/my_robot_controller': PYTHONPATH=/home/elee02/ros2_ws/src/build/my_robot_controller/prefix_override:/home/elee02/ros2_ws/src/install/my_robot_controller/lib/python3.10/site-packages: /usr/bin/python3 setup.py egg_info --egg-base ../build/my_robot_controller build --build-base /home/elee02/ros2_ws/src/build/my_robot_controller/build install --record /home/elee02/ros2_ws/src/build/my_robot_controller/install.log --single-version-externally-managed
[2.353s] DEBUG:colcon.colcon_core.event_handler.log_command:Invoked command in '/home/elee02/ros2_ws/src/my_robot_controller' returned '0': PYTHONPATH=/home/elee02/ros2_ws/src/build/my_robot_controller/prefix_override:/home/elee02/ros2_ws/src/install/my_robot_controller/lib/python3.10/site-packages: /usr/bin/python3 setup.py egg_info --egg-base ../build/my_robot_controller build --build-base /home/elee02/ros2_ws/src/build/my_robot_controller/build install --record /home/elee02/ros2_ws/src/build/my_robot_controller/install.log --single-version-externally-managed
[2.364s] Level 1:colcon.colcon_core.environment:checking '/home/elee02/ros2_ws/src/install/my_robot_controller' for CMake module files
[2.365s] Level 1:colcon.colcon_core.environment:checking '/home/elee02/ros2_ws/src/install/my_robot_controller' for CMake config files
[2.365s] Level 1:colcon.colcon_core.environment:checking '/home/elee02/ros2_ws/src/install/my_robot_controller/lib'
[2.366s] Level 1:colcon.colcon_core.environment:checking '/home/elee02/ros2_ws/src/install/my_robot_controller/bin'
[2.366s] Level 1:colcon.colcon_core.environment:checking '/home/elee02/ros2_ws/src/install/my_robot_controller/lib/pkgconfig/my_robot_controller.pc'
[2.366s] Level 1:colcon.colcon_core.environment:checking '/home/elee02/ros2_ws/src/install/my_robot_controller/lib/python3.10/site-packages'
[2.366s] Level 1:colcon.colcon_core.shell:create_environment_hook('my_robot_controller', 'pythonpath')
[2.377s] INFO:colcon.colcon_core.shell:Creating environment hook '/home/elee02/ros2_ws/src/install/my_robot_controller/share/my_robot_controller/hook/pythonpath.ps1'
[2.378s] INFO:colcon.colcon_core.shell:Creating environment descriptor '/home/elee02/ros2_ws/src/install/my_robot_controller/share/my_robot_controller/hook/pythonpath.dsv'
[2.378s] INFO:colcon.colcon_core.shell:Creating environment hook '/home/elee02/ros2_ws/src/install/my_robot_controller/share/my_robot_controller/hook/pythonpath.sh'
[2.379s] Level 1:colcon.colcon_core.environment:checking '/home/elee02/ros2_ws/src/install/my_robot_controller/bin'
[2.379s] Level 1:colcon.colcon_core.environment:create_environment_scripts_only(my_robot_controller)
[2.390s] INFO:colcon.colcon_core.shell:Creating package script '/home/elee02/ros2_ws/src/install/my_robot_controller/share/my_robot_controller/package.ps1'
[2.391s] INFO:colcon.colcon_core.shell:Creating package descriptor '/home/elee02/ros2_ws/src/install/my_robot_controller/share/my_robot_controller/package.dsv'
[2.391s] INFO:colcon.colcon_core.shell:Creating package script '/home/elee02/ros2_ws/src/install/my_robot_controller/share/my_robot_controller/package.sh'
[2.392s] INFO:colcon.colcon_core.shell:Creating package script '/home/elee02/ros2_ws/src/install/my_robot_controller/share/my_robot_controller/package.bash'
[2.392s] INFO:colcon.colcon_core.shell:Creating package script '/home/elee02/ros2_ws/src/install/my_robot_controller/share/my_robot_controller/package.zsh'
[2.393s] Level 1:colcon.colcon_core.environment:create_file_with_runtime_dependencies(/home/elee02/ros2_ws/src/install/my_robot_controller/share/colcon-core/packages/my_robot_controller)
[2.393s] DEBUG:colcon.colcon_parallel_executor.executor.parallel:closing loop
[2.394s] DEBUG:colcon.colcon_parallel_executor.executor.parallel:loop closed
[2.394s] DEBUG:colcon.colcon_parallel_executor.executor.parallel:run_until_complete finished with '0'
[2.394s] DEBUG:colcon.colcon_core.event_reactor:joining thread
[2.420s] INFO:colcon.colcon_core.plugin_system:Skipping extension 'colcon_notification.desktop_notification.terminal_notifier': Not used on non-Darwin systems
[2.420s] INFO:colcon.colcon_core.plugin_system:Skipping extension 'colcon_notification.desktop_notification.win32': Not used on non-Windows systems
[2.420s] INFO:colcon.colcon_notification.desktop_notification:Sending desktop notification using 'notify2'
[2.436s] DEBUG:colcon.colcon_core.event_reactor:joined thread
[2.451s] INFO:colcon.colcon_core.shell:Creating prefix script '/home/elee02/ros2_ws/src/install/local_setup.ps1'
[2.452s] INFO:colcon.colcon_core.shell:Creating prefix util module '/home/elee02/ros2_ws/src/install/_local_setup_util_ps1.py'
[2.453s] INFO:colcon.colcon_core.shell:Creating prefix chain script '/home/elee02/ros2_ws/src/install/setup.ps1'
[2.465s] INFO:colcon.colcon_core.shell:Creating prefix script '/home/elee02/ros2_ws/src/install/local_setup.sh'
[2.466s] INFO:colcon.colcon_core.shell:Creating prefix util module '/home/elee02/ros2_ws/src/install/_local_setup_util_sh.py'
[2.466s] INFO:colcon.colcon_core.shell:Creating prefix chain script '/home/elee02/ros2_ws/src/install/setup.sh'
[2.478s] INFO:colcon.colcon_core.shell:Creating prefix script '/home/elee02/ros2_ws/src/install/local_setup.bash'
[2.479s] INFO:colcon.colcon_core.shell:Creating prefix chain script '/home/elee02/ros2_ws/src/install/setup.bash'
[2.491s] INFO:colcon.colcon_core.shell:Creating prefix script '/home/elee02/ros2_ws/src/install/local_setup.zsh'
[2.492s] INFO:colcon.colcon_core.shell:Creating prefix chain script '/home/elee02/ros2_ws/src/install/setup.zsh'
