[1.115s] Invoking command in '/home/elee02/ros2_ws/src/my_robot_controller': PYTHONPATH=/home/elee02/ros2_ws/src/build/my_robot_controller/prefix_override:/home/elee02/ros2_ws/src/install/my_robot_controller/lib/python3.10/site-packages:${PYTHONPATH} /usr/bin/python3 setup.py egg_info --egg-base ../build/my_robot_controller build --build-base /home/elee02/ros2_ws/src/build/my_robot_controller/build install --record /home/elee02/ros2_ws/src/build/my_robot_controller/install.log --single-version-externally-managed
[1.445s] running egg_info
[1.474s] writing ../build/my_robot_controller/my_robot_controller.egg-info/PKG-INFO
[1.475s] writing dependency_links to ../build/my_robot_controller/my_robot_controller.egg-info/dependency_links.txt
[1.475s] writing entry points to ../build/my_robot_controller/my_robot_controller.egg-info/entry_points.txt
[1.476s] writing requirements to ../build/my_robot_controller/my_robot_controller.egg-info/requires.txt
[1.476s] writing top-level names to ../build/my_robot_controller/my_robot_controller.egg-info/top_level.txt
[1.521s] reading manifest file '../build/my_robot_controller/my_robot_controller.egg-info/SOURCES.txt'
[1.522s] writing manifest file '../build/my_robot_controller/my_robot_controller.egg-info/SOURCES.txt'
[1.522s] running build
[1.522s] running build_py
[1.522s] copying my_robot_controller/my_first_node.py -> /home/elee02/ros2_ws/src/build/my_robot_controller/build/lib/my_robot_controller
[1.523s] copying my_robot_controller/draw_circle.py -> /home/elee02/ros2_ws/src/build/my_robot_controller/build/lib/my_robot_controller
[1.523s] copying my_robot_controller/pose_subscriber.py -> /home/elee02/ros2_ws/src/build/my_robot_controller/build/lib/my_robot_controller
[1.523s] copying my_robot_controller/__init__.py -> /home/elee02/ros2_ws/src/build/my_robot_controller/build/lib/my_robot_controller
[1.524s] running install
[1.524s] /home/elee02/.local/lib/python3.10/site-packages/setuptools/_distutils/cmd.py:66: SetuptoolsDeprecationWarning: setup.py install is deprecated.
[1.524s] !!
[1.524s] 
[1.524s]         ********************************************************************************
[1.525s]         Please avoid running ``setup.py`` directly.
[1.525s]         Instead, use pypa/build, pypa/installer or other
[1.525s]         standards-based tools.
[1.525s] 
[1.525s]         See https://blog.ganssle.io/articles/2021/10/setup-py-deprecated.html for details.
[1.525s]         ********************************************************************************
[1.525s] 
[1.525s] !!
[1.526s]   self.initialize_options()
[1.531s] running install_lib
[1.556s] copying /home/elee02/ros2_ws/src/build/my_robot_controller/build/lib/my_robot_controller/draw_circle.py -> /home/elee02/ros2_ws/src/install/my_robot_controller/lib/python3.10/site-packages/my_robot_controller
[1.557s] copying /home/elee02/ros2_ws/src/build/my_robot_controller/build/lib/my_robot_controller/pose_subscriber.py -> /home/elee02/ros2_ws/src/install/my_robot_controller/lib/python3.10/site-packages/my_robot_controller
[1.558s] byte-compiling /home/elee02/ros2_ws/src/install/my_robot_controller/lib/python3.10/site-packages/my_robot_controller/draw_circle.py to draw_circle.cpython-310.pyc
[1.558s] byte-compiling /home/elee02/ros2_ws/src/install/my_robot_controller/lib/python3.10/site-packages/my_robot_controller/pose_subscriber.py to pose_subscriber.cpython-310.pyc
[1.559s]   File "/home/elee02/ros2_ws/src/install/my_robot_controller/lib/python3.10/site-packages/my_robot_controller/pose_subscriber.py", line 11
[1.559s]     self.pose_subscriber = self.create_subscription(msg_type = Pose, topic="/turtle1/pose", self.pose_callback, 10);
[1.559s]                                                                                                                   ^
[1.559s] SyntaxError: positional argument follows keyword argument
[1.559s] 
[1.559s] running install_data
[1.588s] copying resource/my_robot_controller -> /home/elee02/ros2_ws/src/install/my_robot_controller/share/ament_index/resource_index/packages
[1.588s] copying package.xml -> /home/elee02/ros2_ws/src/install/my_robot_controller/share/my_robot_controller
[1.588s] running install_egg_info
[1.622s] removing '/home/elee02/ros2_ws/src/install/my_robot_controller/lib/python3.10/site-packages/my_robot_controller-0.0.0-py3.10.egg-info' (and everything under it)
[1.622s] Copying ../build/my_robot_controller/my_robot_controller.egg-info to /home/elee02/ros2_ws/src/install/my_robot_controller/lib/python3.10/site-packages/my_robot_controller-0.0.0-py3.10.egg-info
[1.623s] running install_scripts
[1.821s] Installing draw_circle script to /home/elee02/ros2_ws/src/install/my_robot_controller/lib/my_robot_controller
[1.821s] Installing pose_subscriber script to /home/elee02/ros2_ws/src/install/my_robot_controller/lib/my_robot_controller
[1.821s] Installing test_node script to /home/elee02/ros2_ws/src/install/my_robot_controller/lib/my_robot_controller
[1.822s] writing list of installed files to '/home/elee02/ros2_ws/src/build/my_robot_controller/install.log'
[1.847s] Invoked command in '/home/elee02/ros2_ws/src/my_robot_controller' returned '0': PYTHONPATH=/home/elee02/ros2_ws/src/build/my_robot_controller/prefix_override:/home/elee02/ros2_ws/src/install/my_robot_controller/lib/python3.10/site-packages:${PYTHONPATH} /usr/bin/python3 setup.py egg_info --egg-base ../build/my_robot_controller build --build-base /home/elee02/ros2_ws/src/build/my_robot_controller/build install --record /home/elee02/ros2_ws/src/build/my_robot_controller/install.log --single-version-externally-managed
