[0.075s] Invoking command in '/home/elee02/ros2_ws/src/build/turtlebot3_gazebo': /usr/bin/cmake /home/elee02/ros2_ws/src/turtlebot3_gazebo -DAMENT_CMAKE_SYMLINK_INSTALL=1 -DCMAKE_INSTALL_PREFIX=/home/elee02/ros2_ws/src/install/turtlebot3_gazebo
[0.093s] -- Found ament_cmake: 1.3.6 (/opt/ros/humble/share/ament_cmake/cmake)
[0.275s] Traceback (most recent call last):
[0.275s]   File "/opt/ros/humble/share/ament_cmake_core/cmake/package_templates/templates_2_cmake.py", line 21, in <module>
[0.275s]     from ament_package.templates import get_environment_hook_template_path
[0.275s] ModuleNotFoundError: No module named 'ament_package'
[0.287s] [31mCMake Error at /opt/ros/humble/share/ament_cmake_core/cmake/ament_cmake_package_templates-extras.cmake:41 (message):
[0.287s]   execute_process(/usr/bin/python3.10
[0.288s]   /opt/ros/humble/share/ament_cmake_core/cmake/package_templates/templates_2_cmake.py
[0.288s]   /home/elee02/ros2_ws/src/build/turtlebot3_gazebo/ament_cmake_package_templates/templates.cmake)
[0.288s]   returned error code 1
[0.288s] Call Stack (most recent call first):
[0.288s]   /opt/ros/humble/share/ament_cmake_core/cmake/ament_cmake_coreConfig.cmake:41 (include)
[0.289s]   /opt/ros/humble/share/ament_cmake/cmake/ament_cmake_export_dependencies-extras.cmake:15 (find_package)
[0.289s]   /opt/ros/humble/share/ament_cmake/cmake/ament_cmakeConfig.cmake:41 (include)
[0.289s]   CMakeLists.txt:22 (find_package)
[0.289s] 
[0.289s] [0m
[0.289s] -- Configuring incomplete, errors occurred!
[0.290s] See also "/home/elee02/ros2_ws/src/build/turtlebot3_gazebo/CMakeFiles/CMakeOutput.log".
[0.334s] Invoked command in '/home/elee02/ros2_ws/src/build/turtlebot3_gazebo' returned '1': /usr/bin/cmake /home/elee02/ros2_ws/src/turtlebot3_gazebo -DAMENT_CMAKE_SYMLINK_INSTALL=1 -DCMAKE_INSTALL_PREFIX=/home/elee02/ros2_ws/src/install/turtlebot3_gazebo
