[0.080s] Invoking command in '/home/elee02/ros2_ws/src/turtlebot3_simulations/build/turtlebot3_simulations': CMAKE_PREFIX_PATH=/opt/ros/humble /usr/bin/cmake /home/elee02/ros2_ws/src/turtlebot3_simulations -DCMAKE_INSTALL_PREFIX=/home/elee02/ros2_ws/src/turtlebot3_simulations/install/turtlebot3_simulations
[0.098s] -- Found ament_cmake: 1.3.6 (/opt/ros/humble/share/ament_cmake/cmake)
[0.512s] -- Found Python3: /usr/bin/python3.10 (found version "3.10.12") found components: Interpreter 
[0.703s] -- Configuring done
[0.706s] -- Generating done
[0.707s] -- Build files have been written to: /home/elee02/ros2_ws/src/turtlebot3_simulations/build/turtlebot3_simulations
[0.710s] Invoked command in '/home/elee02/ros2_ws/src/turtlebot3_simulations/build/turtlebot3_simulations' returned '0': CMAKE_PREFIX_PATH=/opt/ros/humble /usr/bin/cmake /home/elee02/ros2_ws/src/turtlebot3_simulations -DCMAKE_INSTALL_PREFIX=/home/elee02/ros2_ws/src/turtlebot3_simulations/install/turtlebot3_simulations
[0.712s] Invoking command in '/home/elee02/ros2_ws/src/turtlebot3_simulations/build/turtlebot3_simulations': CMAKE_PREFIX_PATH=/opt/ros/humble /usr/bin/cmake --build /home/elee02/ros2_ws/src/turtlebot3_simulations/build/turtlebot3_simulations -- -j8 -l8
[0.755s] Invoked command in '/home/elee02/ros2_ws/src/turtlebot3_simulations/build/turtlebot3_simulations' returned '0': CMAKE_PREFIX_PATH=/opt/ros/humble /usr/bin/cmake --build /home/elee02/ros2_ws/src/turtlebot3_simulations/build/turtlebot3_simulations -- -j8 -l8
[0.791s] Invoking command in '/home/elee02/ros2_ws/src/turtlebot3_simulations/build/turtlebot3_simulations': CMAKE_PREFIX_PATH=/opt/ros/humble /usr/bin/cmake --install /home/elee02/ros2_ws/src/turtlebot3_simulations/build/turtlebot3_simulations
[0.799s] -- Install configuration: ""
[0.799s] -- Installing: /home/elee02/ros2_ws/src/turtlebot3_simulations/install/turtlebot3_simulations/share/ament_index/resource_index/package_run_dependencies/turtlebot3_simulations
[0.800s] -- Installing: /home/elee02/ros2_ws/src/turtlebot3_simulations/install/turtlebot3_simulations/share/ament_index/resource_index/parent_prefix_path/turtlebot3_simulations
[0.800s] -- Installing: /home/elee02/ros2_ws/src/turtlebot3_simulations/install/turtlebot3_simulations/share/turtlebot3_simulations/environment/ament_prefix_path.sh
[0.800s] -- Installing: /home/elee02/ros2_ws/src/turtlebot3_simulations/install/turtlebot3_simulations/share/turtlebot3_simulations/environment/ament_prefix_path.dsv
[0.800s] -- Installing: /home/elee02/ros2_ws/src/turtlebot3_simulations/install/turtlebot3_simulations/share/turtlebot3_simulations/environment/path.sh
[0.800s] -- Installing: /home/elee02/ros2_ws/src/turtlebot3_simulations/install/turtlebot3_simulations/share/turtlebot3_simulations/environment/path.dsv
[0.800s] -- Installing: /home/elee02/ros2_ws/src/turtlebot3_simulations/install/turtlebot3_simulations/share/turtlebot3_simulations/local_setup.bash
[0.801s] -- Installing: /home/elee02/ros2_ws/src/turtlebot3_simulations/install/turtlebot3_simulations/share/turtlebot3_simulations/local_setup.sh
[0.801s] -- Installing: /home/elee02/ros2_ws/src/turtlebot3_simulations/install/turtlebot3_simulations/share/turtlebot3_simulations/local_setup.zsh
[0.801s] -- Installing: /home/elee02/ros2_ws/src/turtlebot3_simulations/install/turtlebot3_simulations/share/turtlebot3_simulations/local_setup.dsv
[0.801s] -- Installing: /home/elee02/ros2_ws/src/turtlebot3_simulations/install/turtlebot3_simulations/share/turtlebot3_simulations/package.dsv
[0.801s] -- Installing: /home/elee02/ros2_ws/src/turtlebot3_simulations/install/turtlebot3_simulations/share/ament_index/resource_index/packages/turtlebot3_simulations
[0.801s] -- Installing: /home/elee02/ros2_ws/src/turtlebot3_simulations/install/turtlebot3_simulations/share/turtlebot3_simulations/cmake/turtlebot3_simulationsConfig.cmake
[0.801s] -- Installing: /home/elee02/ros2_ws/src/turtlebot3_simulations/install/turtlebot3_simulations/share/turtlebot3_simulations/cmake/turtlebot3_simulationsConfig-version.cmake
[0.801s] -- Installing: /home/elee02/ros2_ws/src/turtlebot3_simulations/install/turtlebot3_simulations/share/turtlebot3_simulations/package.xml
[0.803s] Invoked command in '/home/elee02/ros2_ws/src/turtlebot3_simulations/build/turtlebot3_simulations' returned '0': CMAKE_PREFIX_PATH=/opt/ros/humble /usr/bin/cmake --install /home/elee02/ros2_ws/src/turtlebot3_simulations/build/turtlebot3_simulations
