[0.769s] DEBUG:colcon:Command line arguments: ['/usr/bin/colcon', 'build']
[0.769s] DEBUG:colcon:Parsed command line arguments: Namespace(log_base=None, log_level=None, verb_name='build', build_base='build', install_base='install', merge_install=False, symlink_install=False, test_result_base=None, continue_on_error=False, executor='parallel', parallel_workers=8, event_handlers=None, ignore_user_meta=False, metas=['./colcon.meta'], base_paths=['.'], packages_ignore=None, packages_ignore_regex=None, paths=None, packages_up_to=None, packages_up_to_regex=None, packages_above=None, packages_above_and_dependencies=None, packages_above_depth=None, packages_select_by_dep=None, packages_skip_by_dep=None, packages_skip_up_to=None, packages_select_build_failed=False, packages_skip_build_finished=False, packages_select_test_failures=False, packages_skip_test_passed=False, packages_select=None, packages_skip=None, packages_select_regex=None, packages_skip_regex=None, packages_start=None, packages_end=None, allow_overriding=[], cmake_args=None, cmake_target=None, cmake_target_skip_unavailable=False, cmake_clean_cache=False, cmake_clean_first=False, cmake_force_configure=False, ament_cmake_args=None, catkin_cmake_args=None, catkin_skip_building_tests=False, verb_parser=<colcon_defaults.argument_parser.defaults.DefaultArgumentsDecorator object at 0x7f51b85e2a70>, verb_extension=<colcon_core.verb.build.BuildVerb object at 0x7f51b87997b0>, main=<bound method BuildVerb.main of <colcon_core.verb.build.BuildVerb object at 0x7f51b87997b0>>)
[0.824s] Level 1:colcon.colcon_core.package_discovery:discover_packages(colcon_meta) check parameters
[0.824s] Level 1:colcon.colcon_core.package_discovery:discover_packages(recursive) check parameters
[0.824s] Level 1:colcon.colcon_core.package_discovery:discover_packages(ignore) check parameters
[0.824s] Level 1:colcon.colcon_core.package_discovery:discover_packages(path) check parameters
[0.824s] Level 1:colcon.colcon_core.package_discovery:discover_packages(colcon_meta) discover
[0.824s] Level 1:colcon.colcon_core.package_discovery:discover_packages(recursive) discover
[0.824s] INFO:colcon.colcon_core.package_discovery:Crawling recursively for packages in '/home/elee02/ros2_ws/src/turtlebot3_simulations'
[0.824s] Level 1:colcon.colcon_core.package_identification:_identify(.) by extensions ['ignore', 'ignore_ament_install']
[0.825s] Level 1:colcon.colcon_core.package_identification:_identify(.) by extension 'ignore'
[0.825s] Level 1:colcon.colcon_core.package_identification:_identify(.) by extension 'ignore_ament_install'
[0.825s] Level 1:colcon.colcon_core.package_identification:_identify(.) by extensions ['colcon_pkg']
[0.825s] Level 1:colcon.colcon_core.package_identification:_identify(.) by extension 'colcon_pkg'
[0.825s] Level 1:colcon.colcon_core.package_identification:_identify(.) by extensions ['colcon_meta']
[0.825s] Level 1:colcon.colcon_core.package_identification:_identify(.) by extension 'colcon_meta'
[0.825s] Level 1:colcon.colcon_core.package_identification:_identify(.) by extensions ['ros']
[0.825s] Level 1:colcon.colcon_core.package_identification:_identify(.) by extension 'ros'
[0.844s] DEBUG:colcon.colcon_core.package_identification:Package '.' with type 'ros.ament_cmake' and name 'turtlebot3_simulations'
[0.844s] Level 1:colcon.colcon_core.package_discovery:discover_packages(recursive) using defaults
[0.844s] Level 1:colcon.colcon_core.package_discovery:discover_packages(ignore) discover
[0.844s] Level 1:colcon.colcon_core.package_discovery:discover_packages(ignore) using defaults
[0.844s] Level 1:colcon.colcon_core.package_discovery:discover_packages(path) discover
[0.844s] Level 1:colcon.colcon_core.package_discovery:discover_packages(path) using defaults
[0.919s] Level 1:colcon.colcon_core.package_discovery:discover_packages(prefix_path) check parameters
[0.919s] Level 1:colcon.colcon_core.package_discovery:discover_packages(prefix_path) discover
[0.930s] Level 1:colcon.colcon_core.package_discovery:discover_packages(prefix_path) using defaults
[0.952s] Level 5:colcon.colcon_core.verb:set package 'turtlebot3_simulations' build argument 'cmake_args' from command line to 'None'
[0.952s] Level 5:colcon.colcon_core.verb:set package 'turtlebot3_simulations' build argument 'cmake_target' from command line to 'None'
[0.952s] Level 5:colcon.colcon_core.verb:set package 'turtlebot3_simulations' build argument 'cmake_target_skip_unavailable' from command line to 'False'
[0.952s] Level 5:colcon.colcon_core.verb:set package 'turtlebot3_simulations' build argument 'cmake_clean_cache' from command line to 'False'
[0.952s] Level 5:colcon.colcon_core.verb:set package 'turtlebot3_simulations' build argument 'cmake_clean_first' from command line to 'False'
[0.952s] Level 5:colcon.colcon_core.verb:set package 'turtlebot3_simulations' build argument 'cmake_force_configure' from command line to 'False'
[0.952s] Level 5:colcon.colcon_core.verb:set package 'turtlebot3_simulations' build argument 'ament_cmake_args' from command line to 'None'
[0.952s] Level 5:colcon.colcon_core.verb:set package 'turtlebot3_simulations' build argument 'catkin_cmake_args' from command line to 'None'
[0.952s] Level 5:colcon.colcon_core.verb:set package 'turtlebot3_simulations' build argument 'catkin_skip_building_tests' from command line to 'False'
[0.952s] DEBUG:colcon.colcon_core.verb:Building package 'turtlebot3_simulations' with the following arguments: {'ament_cmake_args': None, 'build_base': '/home/elee02/ros2_ws/src/turtlebot3_simulations/build/turtlebot3_simulations', 'catkin_cmake_args': None, 'catkin_skip_building_tests': False, 'cmake_args': None, 'cmake_clean_cache': False, 'cmake_clean_first': False, 'cmake_force_configure': False, 'cmake_target': None, 'cmake_target_skip_unavailable': False, 'install_base': '/home/elee02/ros2_ws/src/turtlebot3_simulations/install/turtlebot3_simulations', 'merge_install': False, 'path': '/home/elee02/ros2_ws/src/turtlebot3_simulations', 'symlink_install': False, 'test_result_base': None}
[0.962s] INFO:colcon.colcon_core.executor:Executing jobs using 'parallel' executor
[0.974s] DEBUG:colcon.colcon_parallel_executor.executor.parallel:run_until_complete
[0.974s] INFO:colcon.colcon_ros.task.ament_cmake.build:Building ROS package in '/home/elee02/ros2_ws/src/turtlebot3_simulations' with build type 'ament_cmake'
[0.974s] INFO:colcon.colcon_cmake.task.cmake.build:Building CMake package in '/home/elee02/ros2_ws/src/turtlebot3_simulations'
[0.987s] INFO:colcon.colcon_core.plugin_system:Skipping extension 'colcon_core.shell.bat': Not used on non-Windows systems
[0.987s] INFO:colcon.colcon_core.shell:Skip shell extension 'powershell' for command environment: Not usable outside of PowerShell
[0.987s] DEBUG:colcon.colcon_core.shell:Skip shell extension 'dsv' for command environment
[1.006s] DEBUG:colcon.colcon_core.event_handler.log_command:Invoking command in '/home/elee02/ros2_ws/src/turtlebot3_simulations/build/turtlebot3_simulations': /usr/bin/cmake /home/elee02/ros2_ws/src/turtlebot3_simulations -DCMAKE_INSTALL_PREFIX=/home/elee02/ros2_ws/src/turtlebot3_simulations/install/turtlebot3_simulations
[1.455s] DEBUG:colcon.colcon_core.event_handler.log_command:Invoked command in '/home/elee02/ros2_ws/src/turtlebot3_simulations/build/turtlebot3_simulations' returned '1': /usr/bin/cmake /home/elee02/ros2_ws/src/turtlebot3_simulations -DCMAKE_INSTALL_PREFIX=/home/elee02/ros2_ws/src/turtlebot3_simulations/install/turtlebot3_simulations
[1.468s] Level 1:colcon.colcon_core.environment:create_environment_scripts_only(turtlebot3_simulations)
[1.481s] Level 1:colcon.colcon_core.environment:checking '/home/elee02/ros2_ws/src/turtlebot3_simulations/install/turtlebot3_simulations' for CMake module files
[1.482s] Level 1:colcon.colcon_core.environment:checking '/home/elee02/ros2_ws/src/turtlebot3_simulations/install/turtlebot3_simulations' for CMake config files
[1.482s] Level 1:colcon.colcon_core.environment:checking '/home/elee02/ros2_ws/src/turtlebot3_simulations/install/turtlebot3_simulations/bin'
[1.482s] Level 1:colcon.colcon_core.environment:checking '/home/elee02/ros2_ws/src/turtlebot3_simulations/install/turtlebot3_simulations/lib/pkgconfig/turtlebot3_simulations.pc'
[1.483s] Level 1:colcon.colcon_core.environment:checking '/home/elee02/ros2_ws/src/turtlebot3_simulations/install/turtlebot3_simulations/lib/python3.10/site-packages'
[1.483s] Level 1:colcon.colcon_core.environment:checking '/home/elee02/ros2_ws/src/turtlebot3_simulations/install/turtlebot3_simulations/bin'
[1.494s] INFO:colcon.colcon_core.shell:Creating package script '/home/elee02/ros2_ws/src/turtlebot3_simulations/install/turtlebot3_simulations/share/turtlebot3_simulations/package.ps1'
[1.495s] INFO:colcon.colcon_core.shell:Creating package descriptor '/home/elee02/ros2_ws/src/turtlebot3_simulations/install/turtlebot3_simulations/share/turtlebot3_simulations/package.dsv'
[1.496s] INFO:colcon.colcon_core.shell:Creating package script '/home/elee02/ros2_ws/src/turtlebot3_simulations/install/turtlebot3_simulations/share/turtlebot3_simulations/package.sh'
[1.496s] INFO:colcon.colcon_core.shell:Creating package script '/home/elee02/ros2_ws/src/turtlebot3_simulations/install/turtlebot3_simulations/share/turtlebot3_simulations/package.bash'
[1.497s] INFO:colcon.colcon_core.shell:Creating package script '/home/elee02/ros2_ws/src/turtlebot3_simulations/install/turtlebot3_simulations/share/turtlebot3_simulations/package.zsh'
[1.498s] Level 1:colcon.colcon_core.environment:create_file_with_runtime_dependencies(/home/elee02/ros2_ws/src/turtlebot3_simulations/install/turtlebot3_simulations/share/colcon-core/packages/turtlebot3_simulations)
[1.498s] DEBUG:colcon.colcon_parallel_executor.executor.parallel:closing loop
[1.498s] DEBUG:colcon.colcon_parallel_executor.executor.parallel:loop closed
[1.499s] DEBUG:colcon.colcon_parallel_executor.executor.parallel:run_until_complete finished with '1'
[1.499s] DEBUG:colcon.colcon_core.event_reactor:joining thread
[1.516s] INFO:colcon.colcon_core.plugin_system:Skipping extension 'colcon_notification.desktop_notification.terminal_notifier': Not used on non-Darwin systems
[1.516s] INFO:colcon.colcon_core.plugin_system:Skipping extension 'colcon_notification.desktop_notification.win32': Not used on non-Windows systems
[1.516s] INFO:colcon.colcon_notification.desktop_notification:Sending desktop notification using 'notify2'
[1.531s] DEBUG:colcon.colcon_core.event_reactor:joined thread
[1.542s] INFO:colcon.colcon_core.shell:Creating prefix script '/home/elee02/ros2_ws/src/turtlebot3_simulations/install/local_setup.ps1'
[1.543s] INFO:colcon.colcon_core.shell:Creating prefix util module '/home/elee02/ros2_ws/src/turtlebot3_simulations/install/_local_setup_util_ps1.py'
[1.545s] INFO:colcon.colcon_core.shell:Creating prefix chain script '/home/elee02/ros2_ws/src/turtlebot3_simulations/install/setup.ps1'
[1.556s] INFO:colcon.colcon_core.shell:Creating prefix script '/home/elee02/ros2_ws/src/turtlebot3_simulations/install/local_setup.sh'
[1.557s] INFO:colcon.colcon_core.shell:Creating prefix util module '/home/elee02/ros2_ws/src/turtlebot3_simulations/install/_local_setup_util_sh.py'
[1.557s] INFO:colcon.colcon_core.shell:Creating prefix chain script '/home/elee02/ros2_ws/src/turtlebot3_simulations/install/setup.sh'
[1.570s] INFO:colcon.colcon_core.shell:Creating prefix script '/home/elee02/ros2_ws/src/turtlebot3_simulations/install/local_setup.bash'
[1.570s] INFO:colcon.colcon_core.shell:Creating prefix chain script '/home/elee02/ros2_ws/src/turtlebot3_simulations/install/setup.bash'
[1.581s] INFO:colcon.colcon_core.shell:Creating prefix script '/home/elee02/ros2_ws/src/turtlebot3_simulations/install/local_setup.zsh'
[1.582s] INFO:colcon.colcon_core.shell:Creating prefix chain script '/home/elee02/ros2_ws/src/turtlebot3_simulations/install/setup.zsh'
