[0.096s] Invoking command in '/home/elee02/ros2_ws/src/build/turtlebot3_fake_node': /usr/bin/cmake --build /home/elee02/ros2_ws/src/build/turtlebot3_fake_node -- -j8 -l8
[0.177s] [100%] Built target turtlebot3_fake_node
[0.329s] Invoked command in '/home/elee02/ros2_ws/src/build/turtlebot3_fake_node' returned '0': /usr/bin/cmake --build /home/elee02/ros2_ws/src/build/turtlebot3_fake_node -- -j8 -l8
[0.363s] Invoking command in '/home/elee02/ros2_ws/src/build/turtlebot3_fake_node': /usr/bin/cmake --install /home/elee02/ros2_ws/src/build/turtlebot3_fake_node
[0.372s] -- Install configuration: ""
[0.373s] -- Up-to-date: /home/elee02/ros2_ws/src/install/turtlebot3_fake_node/lib/turtlebot3_fake_node/turtlebot3_fake_node
[0.374s] -- Up-to-date: /home/elee02/ros2_ws/src/install/turtlebot3_fake_node/share/turtlebot3_fake_node/launch
[0.375s] -- Up-to-date: /home/elee02/ros2_ws/src/install/turtlebot3_fake_node/share/turtlebot3_fake_node/launch/turtlebot3_fake_node.launch.py
[0.375s] -- Up-to-date: /home/elee02/ros2_ws/src/install/turtlebot3_fake_node/share/turtlebot3_fake_node/launch/rviz2.launch.py
[0.375s] -- Up-to-date: /home/elee02/ros2_ws/src/install/turtlebot3_fake_node/share/turtlebot3_fake_node/param
[0.376s] -- Up-to-date: /home/elee02/ros2_ws/src/install/turtlebot3_fake_node/share/turtlebot3_fake_node/param/waffle_pi.yaml
[0.377s] -- Up-to-date: /home/elee02/ros2_ws/src/install/turtlebot3_fake_node/share/turtlebot3_fake_node/param/burger.yaml
[0.378s] -- Up-to-date: /home/elee02/ros2_ws/src/install/turtlebot3_fake_node/share/turtlebot3_fake_node/param/waffle.yaml
[0.378s] -- Up-to-date: /home/elee02/ros2_ws/src/install/turtlebot3_fake_node/include/
[0.379s] -- Up-to-date: /home/elee02/ros2_ws/src/install/turtlebot3_fake_node/include//turtlebot3_fake_node
[0.379s] -- Up-to-date: /home/elee02/ros2_ws/src/install/turtlebot3_fake_node/include//turtlebot3_fake_node/turtlebot3_fake_node.hpp
[0.381s] -- Up-to-date: /home/elee02/ros2_ws/src/install/turtlebot3_fake_node/share/ament_index/resource_index/package_run_dependencies/turtlebot3_fake_node
[0.381s] -- Up-to-date: /home/elee02/ros2_ws/src/install/turtlebot3_fake_node/share/ament_index/resource_index/parent_prefix_path/turtlebot3_fake_node
[0.382s] -- Up-to-date: /home/elee02/ros2_ws/src/install/turtlebot3_fake_node/share/turtlebot3_fake_node/environment/ament_prefix_path.sh
[0.382s] -- Up-to-date: /home/elee02/ros2_ws/src/install/turtlebot3_fake_node/share/turtlebot3_fake_node/environment/ament_prefix_path.dsv
[0.382s] -- Up-to-date: /home/elee02/ros2_ws/src/install/turtlebot3_fake_node/share/turtlebot3_fake_node/environment/path.sh
[0.382s] -- Up-to-date: /home/elee02/ros2_ws/src/install/turtlebot3_fake_node/share/turtlebot3_fake_node/environment/path.dsv
[0.382s] -- Up-to-date: /home/elee02/ros2_ws/src/install/turtlebot3_fake_node/share/turtlebot3_fake_node/local_setup.bash
[0.382s] -- Up-to-date: /home/elee02/ros2_ws/src/install/turtlebot3_fake_node/share/turtlebot3_fake_node/local_setup.sh
[0.388s] -- Up-to-date: /home/elee02/ros2_ws/src/install/turtlebot3_fake_node/share/turtlebot3_fake_node/local_setup.zsh
[0.388s] -- Up-to-date: /home/elee02/ros2_ws/src/install/turtlebot3_fake_node/share/turtlebot3_fake_node/local_setup.dsv
[0.388s] -- Installing: /home/elee02/ros2_ws/src/install/turtlebot3_fake_node/share/turtlebot3_fake_node/package.dsv
[0.392s] -- Up-to-date: /home/elee02/ros2_ws/src/install/turtlebot3_fake_node/share/ament_index/resource_index/packages/turtlebot3_fake_node
[0.393s] -- Up-to-date: /home/elee02/ros2_ws/src/install/turtlebot3_fake_node/share/turtlebot3_fake_node/cmake/ament_cmake_export_include_directories-extras.cmake
[0.394s] -- Up-to-date: /home/elee02/ros2_ws/src/install/turtlebot3_fake_node/share/turtlebot3_fake_node/cmake/ament_cmake_export_dependencies-extras.cmake
[0.394s] -- Up-to-date: /home/elee02/ros2_ws/src/install/turtlebot3_fake_node/share/turtlebot3_fake_node/cmake/turtlebot3_fake_nodeConfig.cmake
[0.394s] -- Up-to-date: /home/elee02/ros2_ws/src/install/turtlebot3_fake_node/share/turtlebot3_fake_node/cmake/turtlebot3_fake_nodeConfig-version.cmake
[0.395s] -- Up-to-date: /home/elee02/ros2_ws/src/install/turtlebot3_fake_node/share/turtlebot3_fake_node/package.xml
[0.410s] Invoked command in '/home/elee02/ros2_ws/src/build/turtlebot3_fake_node' returned '0': /usr/bin/cmake --install /home/elee02/ros2_ws/src/build/turtlebot3_fake_node
