[0.065s] Invoking command in '/home/elee02/ros2_ws/src/build/turtlebot3_simulations': AMENT_PREFIX_PATH=/home/elee02/ros2_ws/src/install/turtlebot3_gazebo:/home/elee02/ros2_ws/src/install/turtlebot3_fake_node:${AMENT_PREFIX_PATH} CMAKE_PREFIX_PATH=/home/elee02/ros2_ws/src/install/turtlebot3_gazebo:/home/elee02/ros2_ws/src/install/turtlebot3_fake_node:/opt/ros/humble /usr/bin/cmake --build /home/elee02/ros2_ws/src/build/turtlebot3_simulations -- -j8 -l8
[0.101s] Invoked command in '/home/elee02/ros2_ws/src/build/turtlebot3_simulations' returned '0': AMENT_PREFIX_PATH=/home/elee02/ros2_ws/src/install/turtlebot3_gazebo:/home/elee02/ros2_ws/src/install/turtlebot3_fake_node:${AMENT_PREFIX_PATH} CMAKE_PREFIX_PATH=/home/elee02/ros2_ws/src/install/turtlebot3_gazebo:/home/elee02/ros2_ws/src/install/turtlebot3_fake_node:/opt/ros/humble /usr/bin/cmake --build /home/elee02/ros2_ws/src/build/turtlebot3_simulations -- -j8 -l8
[0.124s] Invoking command in '/home/elee02/ros2_ws/src/build/turtlebot3_simulations': AMENT_PREFIX_PATH=/home/elee02/ros2_ws/src/install/turtlebot3_gazebo:/home/elee02/ros2_ws/src/install/turtlebot3_fake_node:${AMENT_PREFIX_PATH} CMAKE_PREFIX_PATH=/home/elee02/ros2_ws/src/install/turtlebot3_gazebo:/home/elee02/ros2_ws/src/install/turtlebot3_fake_node:/opt/ros/humble /usr/bin/cmake --install /home/elee02/ros2_ws/src/build/turtlebot3_simulations
[0.131s] -- Install configuration: ""
[0.131s] -- Up-to-date: /home/elee02/ros2_ws/src/install/turtlebot3_simulations/share/ament_index/resource_index/package_run_dependencies/turtlebot3_simulations
[0.132s] -- Up-to-date: /home/elee02/ros2_ws/src/install/turtlebot3_simulations/share/ament_index/resource_index/parent_prefix_path/turtlebot3_simulations
[0.138s] -- Up-to-date: /home/elee02/ros2_ws/src/install/turtlebot3_simulations/share/turtlebot3_simulations/environment/ament_prefix_path.sh
[0.138s] -- Up-to-date: /home/elee02/ros2_ws/src/install/turtlebot3_simulations/share/turtlebot3_simulations/environment/ament_prefix_path.dsv
[0.138s] -- Up-to-date: /home/elee02/ros2_ws/src/install/turtlebot3_simulations/share/turtlebot3_simulations/environment/path.sh
[0.139s] -- Up-to-date: /home/elee02/ros2_ws/src/install/turtlebot3_simulations/share/turtlebot3_simulations/environment/path.dsv
[0.139s] -- Up-to-date: /home/elee02/ros2_ws/src/install/turtlebot3_simulations/share/turtlebot3_simulations/local_setup.bash
[0.139s] -- Up-to-date: /home/elee02/ros2_ws/src/install/turtlebot3_simulations/share/turtlebot3_simulations/local_setup.sh
[0.139s] -- Up-to-date: /home/elee02/ros2_ws/src/install/turtlebot3_simulations/share/turtlebot3_simulations/local_setup.zsh
[0.139s] -- Up-to-date: /home/elee02/ros2_ws/src/install/turtlebot3_simulations/share/turtlebot3_simulations/local_setup.dsv
[0.139s] -- Installing: /home/elee02/ros2_ws/src/install/turtlebot3_simulations/share/turtlebot3_simulations/package.dsv
[0.139s] -- Up-to-date: /home/elee02/ros2_ws/src/install/turtlebot3_simulations/share/ament_index/resource_index/packages/turtlebot3_simulations
[0.139s] -- Up-to-date: /home/elee02/ros2_ws/src/install/turtlebot3_simulations/share/turtlebot3_simulations/cmake/turtlebot3_simulationsConfig.cmake
[0.140s] -- Up-to-date: /home/elee02/ros2_ws/src/install/turtlebot3_simulations/share/turtlebot3_simulations/cmake/turtlebot3_simulationsConfig-version.cmake
[0.140s] -- Up-to-date: /home/elee02/ros2_ws/src/install/turtlebot3_simulations/share/turtlebot3_simulations/package.xml
[0.142s] Invoked command in '/home/elee02/ros2_ws/src/build/turtlebot3_simulations' returned '0': AMENT_PREFIX_PATH=/home/elee02/ros2_ws/src/install/turtlebot3_gazebo:/home/elee02/ros2_ws/src/install/turtlebot3_fake_node:${AMENT_PREFIX_PATH} CMAKE_PREFIX_PATH=/home/elee02/ros2_ws/src/install/turtlebot3_gazebo:/home/elee02/ros2_ws/src/install/turtlebot3_fake_node:/opt/ros/humble /usr/bin/cmake --install /home/elee02/ros2_ws/src/build/turtlebot3_simulations
