[0.096s] Invoking command in '/home/elee02/ros2_ws/src/build/turtlebot3_fake_node': /usr/bin/cmake /home/elee02/ros2_ws/src/turtlebot3_fake_node -DAMENT_CMAKE_SYMLINK_INSTALL=1 -DCMAKE_INSTALL_PREFIX=/home/elee02/ros2_ws/src/install/turtlebot3_fake_node
[0.113s] -- Found ament_cmake: 1.3.6 (/opt/ros/humble/share/ament_cmake/cmake)
[0.300s] Traceback (most recent call last):
[0.300s]   File "/opt/ros/humble/share/ament_cmake_core/cmake/package_templates/templates_2_cmake.py", line 21, in <module>
[0.300s]     from ament_package.templates import get_environment_hook_template_path
[0.301s] ModuleNotFoundError: No module named 'ament_package'
[0.314s] [31mCMake Error at /opt/ros/humble/share/ament_cmake_core/cmake/ament_cmake_package_templates-extras.cmake:41 (message):
[0.314s]   execute_process(/usr/bin/python3.10
[0.314s]   /opt/ros/humble/share/ament_cmake_core/cmake/package_templates/templates_2_cmake.py
[0.315s]   /home/elee02/ros2_ws/src/build/turtlebot3_fake_node/ament_cmake_package_templates/templates.cmake)
[0.315s]   returned error code 1
[0.315s] Call Stack (most recent call first):
[0.315s]   /opt/ros/humble/share/ament_cmake_core/cmake/ament_cmake_coreConfig.cmake:41 (include)
[0.315s]   /opt/ros/humble/share/ament_cmake/cmake/ament_cmake_export_dependencies-extras.cmake:15 (find_package)
[0.315s]   /opt/ros/humble/share/ament_cmake/cmake/ament_cmakeConfig.cmake:41 (include)
[0.315s]   CMakeLists.txt:18 (find_package)
[0.315s] 
[0.316s] [0m
[0.316s] -- Configuring incomplete, errors occurred!
[0.316s] See also "/home/elee02/ros2_ws/src/build/turtlebot3_fake_node/CMakeFiles/CMakeOutput.log".
[0.356s] Invoked command in '/home/elee02/ros2_ws/src/build/turtlebot3_fake_node' returned '1': /usr/bin/cmake /home/elee02/ros2_ws/src/turtlebot3_fake_node -DAMENT_CMAKE_SYMLINK_INSTALL=1 -DCMAKE_INSTALL_PREFIX=/home/elee02/ros2_ws/src/install/turtlebot3_fake_node
