[0.803s] Invoking command in '/home/elee02/ros2_ws/src/my_robot_controller': PYTHONPATH=/home/elee02/ros2_ws/src/build/my_robot_controller/prefix_override:/home/elee02/ros2_ws/src/install/my_robot_controller/lib/python3.10/site-packages: /usr/bin/python3 setup.py egg_info --egg-base ../build/my_robot_controller build --build-base /home/elee02/ros2_ws/src/build/my_robot_controller/build install --record /home/elee02/ros2_ws/src/build/my_robot_controller/install.log --single-version-externally-managed
[1.057s] running egg_info
[1.069s] writing ../build/my_robot_controller/my_robot_controller.egg-info/PKG-INFO
[1.070s] writing dependency_links to ../build/my_robot_controller/my_robot_controller.egg-info/dependency_links.txt
[1.070s] writing entry points to ../build/my_robot_controller/my_robot_controller.egg-info/entry_points.txt
[1.070s] writing requirements to ../build/my_robot_controller/my_robot_controller.egg-info/requires.txt
[1.070s] writing top-level names to ../build/my_robot_controller/my_robot_controller.egg-info/top_level.txt
[1.098s] reading manifest file '../build/my_robot_controller/my_robot_controller.egg-info/SOURCES.txt'
[1.099s] writing manifest file '../build/my_robot_controller/my_robot_controller.egg-info/SOURCES.txt'
[1.099s] running build
[1.099s] running build_py
[1.100s] copying my_robot_controller/my_first_node.py -> /home/elee02/ros2_ws/src/build/my_robot_controller/build/lib/my_robot_controller
[1.100s] copying my_robot_controller/draw_circle.py -> /home/elee02/ros2_ws/src/build/my_robot_controller/build/lib/my_robot_controller
[1.100s] copying my_robot_controller/turtle_controller.py -> /home/elee02/ros2_ws/src/build/my_robot_controller/build/lib/my_robot_controller
[1.100s] copying my_robot_controller/pose_subscriber.py -> /home/elee02/ros2_ws/src/build/my_robot_controller/build/lib/my_robot_controller
[1.101s] copying my_robot_controller/__init__.py -> /home/elee02/ros2_ws/src/build/my_robot_controller/build/lib/my_robot_controller
[1.101s] running install
[1.102s] /home/elee02/.local/lib/python3.10/site-packages/setuptools/_distutils/cmd.py:66: SetuptoolsDeprecationWarning: setup.py install is deprecated.
[1.102s] !!
[1.102s] 
[1.102s]         ********************************************************************************
[1.102s]         Please avoid running ``setup.py`` directly.
[1.102s]         Instead, use pypa/build, pypa/installer or other
[1.102s]         standards-based tools.
[1.103s] 
[1.103s]         See https://blog.ganssle.io/articles/2021/10/setup-py-deprecated.html for details.
[1.103s]         ********************************************************************************
[1.103s] 
[1.103s] !!
[1.103s]   self.initialize_options()
[1.110s] running install_lib
[1.121s] copying /home/elee02/ros2_ws/src/build/my_robot_controller/build/lib/my_robot_controller/turtle_controller.py -> /home/elee02/ros2_ws/src/install/my_robot_controller/lib/python3.10/site-packages/my_robot_controller
[1.121s] copying /home/elee02/ros2_ws/src/build/my_robot_controller/build/lib/my_robot_controller/pose_subscriber.py -> /home/elee02/ros2_ws/src/install/my_robot_controller/lib/python3.10/site-packages/my_robot_controller
[1.122s] byte-compiling /home/elee02/ros2_ws/src/install/my_robot_controller/lib/python3.10/site-packages/my_robot_controller/turtle_controller.py to turtle_controller.cpython-310.pyc
[1.123s] byte-compiling /home/elee02/ros2_ws/src/install/my_robot_controller/lib/python3.10/site-packages/my_robot_controller/pose_subscriber.py to pose_subscriber.cpython-310.pyc
[1.124s] running install_data
[1.137s] copying resource/my_robot_controller -> /home/elee02/ros2_ws/src/install/my_robot_controller/share/ament_index/resource_index/packages
[1.137s] copying package.xml -> /home/elee02/ros2_ws/src/install/my_robot_controller/share/my_robot_controller
[1.138s] running install_egg_info
[1.157s] removing '/home/elee02/ros2_ws/src/install/my_robot_controller/lib/python3.10/site-packages/my_robot_controller-0.0.0-py3.10.egg-info' (and everything under it)
[1.157s] Copying ../build/my_robot_controller/my_robot_controller.egg-info to /home/elee02/ros2_ws/src/install/my_robot_controller/lib/python3.10/site-packages/my_robot_controller-0.0.0-py3.10.egg-info
[1.158s] running install_scripts
[1.285s] Installing draw_circle script to /home/elee02/ros2_ws/src/install/my_robot_controller/lib/my_robot_controller
[1.286s] Installing pose_subscriber script to /home/elee02/ros2_ws/src/install/my_robot_controller/lib/my_robot_controller
[1.286s] Installing test_node script to /home/elee02/ros2_ws/src/install/my_robot_controller/lib/my_robot_controller
[1.286s] Installing turtle_controller script to /home/elee02/ros2_ws/src/install/my_robot_controller/lib/my_robot_controller
[1.286s] writing list of installed files to '/home/elee02/ros2_ws/src/build/my_robot_controller/install.log'
[1.320s] Invoked command in '/home/elee02/ros2_ws/src/my_robot_controller' returned '0': PYTHONPATH=/home/elee02/ros2_ws/src/build/my_robot_controller/prefix_override:/home/elee02/ros2_ws/src/install/my_robot_controller/lib/python3.10/site-packages: /usr/bin/python3 setup.py egg_info --egg-base ../build/my_robot_controller build --build-base /home/elee02/ros2_ws/src/build/my_robot_controller/build install --record /home/elee02/ros2_ws/src/build/my_robot_controller/install.log --single-version-externally-managed
