[0.081s] Invoking command in '/home/elee02/ros2_ws/src/turtlebot3_simulations/build/turtlebot3_simulations': CMAKE_PREFIX_PATH=/opt/ros/humble /usr/bin/cmake /home/elee02/ros2_ws/src/turtlebot3_simulations -DAMENT_CMAKE_SYMLINK_INSTALL=1 -DCMAKE_INSTALL_PREFIX=/home/elee02/ros2_ws/src/turtlebot3_simulations/install/turtlebot3_simulations
[0.095s] -- Found ament_cmake: 1.3.6 (/opt/ros/humble/share/ament_cmake/cmake)
[0.258s] -- Override CMake install command with custom implementation using symlinks instead of copying resources
[0.344s] -- Configuring done
[0.347s] -- Generating done
[0.348s] -- Build files have been written to: /home/elee02/ros2_ws/src/turtlebot3_simulations/build/turtlebot3_simulations
[0.351s] Invoked command in '/home/elee02/ros2_ws/src/turtlebot3_simulations/build/turtlebot3_simulations' returned '0': CMAKE_PREFIX_PATH=/opt/ros/humble /usr/bin/cmake /home/elee02/ros2_ws/src/turtlebot3_simulations -DAMENT_CMAKE_SYMLINK_INSTALL=1 -DCMAKE_INSTALL_PREFIX=/home/elee02/ros2_ws/src/turtlebot3_simulations/install/turtlebot3_simulations
[0.354s] Invoking command in '/home/elee02/ros2_ws/src/turtlebot3_simulations/build/turtlebot3_simulations': CMAKE_PREFIX_PATH=/opt/ros/humble /usr/bin/cmake --build /home/elee02/ros2_ws/src/turtlebot3_simulations/build/turtlebot3_simulations -- -j8 -l8
[0.402s] Invoked command in '/home/elee02/ros2_ws/src/turtlebot3_simulations/build/turtlebot3_simulations' returned '0': CMAKE_PREFIX_PATH=/opt/ros/humble /usr/bin/cmake --build /home/elee02/ros2_ws/src/turtlebot3_simulations/build/turtlebot3_simulations -- -j8 -l8
[0.442s] Invoking command in '/home/elee02/ros2_ws/src/turtlebot3_simulations/build/turtlebot3_simulations': CMAKE_PREFIX_PATH=/opt/ros/humble /usr/bin/cmake --install /home/elee02/ros2_ws/src/turtlebot3_simulations/build/turtlebot3_simulations
[0.449s] -- Install configuration: ""
[0.450s] -- Execute custom install script
[0.450s] -- Symlinking: /home/elee02/ros2_ws/src/turtlebot3_simulations/install/turtlebot3_simulations/share/ament_index/resource_index/package_run_dependencies/turtlebot3_simulations
[0.458s] -- Symlinking: /home/elee02/ros2_ws/src/turtlebot3_simulations/install/turtlebot3_simulations/share/ament_index/resource_index/parent_prefix_path/turtlebot3_simulations
[0.467s] -- Symlinking: /home/elee02/ros2_ws/src/turtlebot3_simulations/install/turtlebot3_simulations/share/turtlebot3_simulations/environment/ament_prefix_path.sh
[0.477s] -- Symlinking: /home/elee02/ros2_ws/src/turtlebot3_simulations/install/turtlebot3_simulations/share/turtlebot3_simulations/environment/ament_prefix_path.dsv
[0.485s] -- Symlinking: /home/elee02/ros2_ws/src/turtlebot3_simulations/install/turtlebot3_simulations/share/turtlebot3_simulations/environment/path.sh
[0.494s] -- Symlinking: /home/elee02/ros2_ws/src/turtlebot3_simulations/install/turtlebot3_simulations/share/turtlebot3_simulations/environment/path.dsv
[0.507s] -- Symlinking: /home/elee02/ros2_ws/src/turtlebot3_simulations/install/turtlebot3_simulations/share/turtlebot3_simulations/local_setup.bash
[0.517s] -- Symlinking: /home/elee02/ros2_ws/src/turtlebot3_simulations/install/turtlebot3_simulations/share/turtlebot3_simulations/local_setup.sh
[0.527s] -- Symlinking: /home/elee02/ros2_ws/src/turtlebot3_simulations/install/turtlebot3_simulations/share/turtlebot3_simulations/local_setup.zsh
[0.535s] -- Symlinking: /home/elee02/ros2_ws/src/turtlebot3_simulations/install/turtlebot3_simulations/share/turtlebot3_simulations/local_setup.dsv
[0.544s] -- Symlinking: /home/elee02/ros2_ws/src/turtlebot3_simulations/install/turtlebot3_simulations/share/turtlebot3_simulations/package.dsv
[0.553s] -- Symlinking: /home/elee02/ros2_ws/src/turtlebot3_simulations/install/turtlebot3_simulations/share/ament_index/resource_index/packages/turtlebot3_simulations
[0.562s] -- Symlinking: /home/elee02/ros2_ws/src/turtlebot3_simulations/install/turtlebot3_simulations/share/turtlebot3_simulations/cmake/turtlebot3_simulationsConfig.cmake
[0.572s] -- Symlinking: /home/elee02/ros2_ws/src/turtlebot3_simulations/install/turtlebot3_simulations/share/turtlebot3_simulations/cmake/turtlebot3_simulationsConfig-version.cmake
[0.582s] -- Symlinking: /home/elee02/ros2_ws/src/turtlebot3_simulations/install/turtlebot3_simulations/share/turtlebot3_simulations/package.xml
[0.593s] Invoked command in '/home/elee02/ros2_ws/src/turtlebot3_simulations/build/turtlebot3_simulations' returned '0': CMAKE_PREFIX_PATH=/opt/ros/humble /usr/bin/cmake --install /home/elee02/ros2_ws/src/turtlebot3_simulations/build/turtlebot3_simulations
